This is pdfTeX, Version 3.1415926-2.5-1.40.14 (MiKTeX 2.9) (preloaded format=pdflatex 2016.4.21)  21 APR 2016 23:16
entering extended mode
**main.tex
(Z:\coursework\cs532\a9Edited\final-tex\main.tex
LaTeX2e <2011/06/27>
Babel <v3.8m> and hyphenation patterns for english, afrikaans, ancientgreek, ar
abic, armenian, assamese, basque, bengali, bokmal, bulgarian, catalan, coptic, 
croatian, czech, danish, dutch, esperanto, estonian, farsi, finnish, french, ga
lician, german, german-x-2013-05-26, greek, gujarati, hindi, hungarian, iceland
ic, indonesian, interlingua, irish, italian, kannada, kurmanji, latin, latvian,
 lithuanian, malayalam, marathi, mongolian, mongolianlmc, monogreek, ngerman, n
german-x-2013-05-26, nynorsk, oriya, panjabi, pinyin, polish, portuguese, roman
ian, russian, sanskrit, serbian, slovak, slovenian, spanish, swedish, swissgerm
an, tamil, telugu, turkish, turkmen, ukenglish, ukrainian, uppersorbian, usengl
ishmax, welsh, loaded.
(Z:\coursework\cs532\a9Edited\final-tex\svmono.cls
Document Class: svmono 2006/10/31 v4.17 
Springer Verlag global LaTeX document class for monographs
Class Springer-SVMono Info: extra/valid Springer sub-package 
(Springer-SVMono)           not found in option list - using "global" style.
("C:\Program Files (x86)\MiKTeX 2.9\tex\latex\base\article.cls"
Document Class: article 2007/10/19 v1.4h Standard LaTeX document class
("C:\Program Files (x86)\MiKTeX 2.9\tex\latex\base\size10.clo"
File: size10.clo 2007/10/19 v1.4h Standard LaTeX file (size option)
)
\c@part=\count79
\c@section=\count80
\c@subsection=\count81
\c@subsubsection=\count82
\c@paragraph=\count83
\c@subparagraph=\count84
\c@figure=\count85
\c@table=\count86
\abovecaptionskip=\skip41
\belowcaptionskip=\skip42
\bibindent=\dimen102
)
\betweenumberspace=\dimen103
\headlineindent=\dimen104
\c@chapter=\count87
\chapstarthookwidth=\dimen105
\svitemindent=\dimen106
\verbatimindent=\dimen107
LaTeX Font Info:    Redeclaring math symbol \Gamma on input line 633.
LaTeX Font Info:    Redeclaring math symbol \Delta on input line 634.
LaTeX Font Info:    Redeclaring math symbol \Theta on input line 635.
LaTeX Font Info:    Redeclaring math symbol \Lambda on input line 636.
LaTeX Font Info:    Redeclaring math symbol \Xi on input line 637.
LaTeX Font Info:    Redeclaring math symbol \Pi on input line 638.
LaTeX Font Info:    Redeclaring math symbol \Sigma on input line 639.
LaTeX Font Info:    Redeclaring math symbol \Upsilon on input line 640.
LaTeX Font Info:    Redeclaring math symbol \Phi on input line 641.
LaTeX Font Info:    Redeclaring math symbol \Psi on input line 642.
LaTeX Font Info:    Redeclaring math symbol \Omega on input line 643.
\tocchpnum=\dimen108
\tocsecnum=\dimen109
\tocsectotal=\dimen110
\tocsubsecnum=\dimen111
\tocsubsectotal=\dimen112
\tocsubsubsecnum=\dimen113
\tocsubsubsectotal=\dimen114
\tocparanum=\dimen115
\tocparatotal=\dimen116
\tocsubparanum=\dimen117
\foot@parindent=\dimen118
\spthmsep=\dimen119
\c@theorem=\count88
\c@prob=\count89
\instindent=\dimen120
\figgap=\dimen121
\figcapgap=\dimen122
\tabcapgap=\dimen123
\c@merk=\count90
)
("C:\Program Files (x86)\MiKTeX 2.9\tex\latex\base\makeidx.sty"
Package: makeidx 2000/03/29 v1.0m Standard LaTeX package
)
("C:\Program Files (x86)\MiKTeX 2.9\tex\latex\graphics\graphicx.sty"
Package: graphicx 1999/02/16 v1.0f Enhanced LaTeX Graphics (DPC,SPQR)

("C:\Program Files (x86)\MiKTeX 2.9\tex\latex\graphics\keyval.sty"
Package: keyval 1999/03/16 v1.13 key=value parser (DPC)
\KV@toks@=\toks14
)
("C:\Program Files (x86)\MiKTeX 2.9\tex\latex\graphics\graphics.sty"
Package: graphics 2009/02/05 v1.0o Standard LaTeX Graphics (DPC,SPQR)

("C:\Program Files (x86)\MiKTeX 2.9\tex\latex\graphics\trig.sty"
Package: trig 1999/03/16 v1.09 sin cos tan (DPC)
)
("C:\Program Files (x86)\MiKTeX 2.9\tex\latex\00miktex\graphics.cfg"
File: graphics.cfg 2007/01/18 v1.5 graphics configuration of teTeX/TeXLive
)
Package graphics Info: Driver file: pdftex.def on input line 91.

("C:\Program Files (x86)\MiKTeX 2.9\tex\latex\pdftex-def\pdftex.def"
File: pdftex.def 2011/05/27 v0.06d Graphics/color for pdfTeX

("C:\Program Files (x86)\MiKTeX 2.9\tex\generic\oberdiek\infwarerr.sty"
Package: infwarerr 2010/04/08 v1.3 Providing info/warning/error messages (HO)
)
("C:\Program Files (x86)\MiKTeX 2.9\tex\generic\oberdiek\ltxcmds.sty"
Package: ltxcmds 2011/11/09 v1.22 LaTeX kernel commands for general use (HO)
)
\Gread@gobject=\count91
))
\Gin@req@height=\dimen124
\Gin@req@width=\dimen125
)
("C:\Program Files (x86)\MiKTeX 2.9\tex\latex\tools\multicol.sty"
Package: multicol 2011/06/27 v1.7a multicolumn formatting (FMi)
\c@tracingmulticols=\count92
\mult@box=\box26
\multicol@leftmargin=\dimen126
\c@unbalance=\count93
\c@collectmore=\count94
\doublecol@number=\count95
\multicoltolerance=\count96
\multicolpretolerance=\count97
\full@width=\dimen127
\page@free=\dimen128
\premulticols=\dimen129
\postmulticols=\dimen130
\multicolsep=\skip43
\multicolbaselineskip=\skip44
\partial@page=\box27
\last@line=\box28
\mult@rightbox=\box29
\mult@grightbox=\box30
\mult@gfirstbox=\box31
\mult@firstbox=\box32
\@tempa=\box33
\@tempa=\box34
\@tempa=\box35
\@tempa=\box36
\@tempa=\box37
\@tempa=\box38
\@tempa=\box39
\@tempa=\box40
\@tempa=\box41
\@tempa=\box42
\@tempa=\box43
\@tempa=\box44
\@tempa=\box45
\@tempa=\box46
\@tempa=\box47
\@tempa=\box48
\@tempa=\box49
\c@columnbadness=\count98
\c@finalcolumnbadness=\count99
\last@try=\dimen131
\multicolovershoot=\dimen132
\multicolundershoot=\dimen133
\mult@nat@firstbox=\box50
\colbreak@box=\box51
\multicol@sort@counter=\count100
)
(C:\Users\smajeti\AppData\Roaming\MiKTeX\2.9\tex\latex\footmisc\footmisc.sty
Package: footmisc 2011/06/06 v5.5b a miscellany of footnote facilities
\FN@temptoken=\toks15
\footnotemargin=\dimen134
\c@pp@next@reset=\count101
Package footmisc Info: Declaring symbol style bringhurst on input line 855.
Package footmisc Info: Declaring symbol style chicago on input line 863.
Package footmisc Info: Declaring symbol style wiley on input line 872.
Package footmisc Info: Declaring symbol style lamport-robust on input line 883.

Package footmisc Info: Declaring symbol style lamport* on input line 903.
Package footmisc Info: Declaring symbol style lamport*-robust on input line 924
.
)
(C:\Users\smajeti\AppData\Roaming\MiKTeX\2.9\tex\latex\wrapfig\wrapfig.sty
\wrapoverhang=\dimen135
\WF@size=\dimen136
\c@WF@wrappedlines=\count102
\WF@box=\box52
\WF@everypar=\toks16
Package: wrapfig 2003/01/31  v 3.6
)
("C:\Program Files (x86)\MiKTeX 2.9\tex\latex\graphics\color.sty"
Package: color 2005/11/14 v1.0j Standard LaTeX Color (DPC)

("C:\Program Files (x86)\MiKTeX 2.9\tex\latex\00miktex\color.cfg"
File: color.cfg 2007/01/18 v1.5 color configuration of teTeX/TeXLive
)
Package color Info: Driver file: pdftex.def on input line 130.
)
(C:\Users\smajeti\AppData\Roaming\MiKTeX\2.9\tex\latex\fancyvrb\fancyvrb.sty
Package: fancyvrb 2008/02/07

Style option: `fancyvrb' v2.7a, with DG/SPQR fixes, and firstline=lastline fix 
<2008/02/07> (tvz)
\FV@CodeLineNo=\count103
\FV@InFile=\read1
\FV@TabBox=\box53
\c@FancyVerbLine=\count104
\FV@StepNumber=\count105
\FV@OutFile=\write3
)
("C:\Program Files (x86)\MiKTeX 2.9\tex\latex\amsfonts\amssymb.sty"
Package: amssymb 2013/01/14 v3.01 AMS font symbols

("C:\Program Files (x86)\MiKTeX 2.9\tex\latex\amsfonts\amsfonts.sty"
Package: amsfonts 2013/01/14 v3.01 Basic AMSFonts support
\@emptytoks=\toks17
\symAMSa=\mathgroup4
\symAMSb=\mathgroup5
LaTeX Font Info:    Overwriting math alphabet `\mathfrak' in version `bold'
(Font)                  U/euf/m/n --> U/euf/b/n on input line 106.
))
(C:\Users\smajeti\AppData\Roaming\MiKTeX\2.9\tex\latex\listings\listings.sty
\lst@mode=\count106
\lst@gtempboxa=\box54
\lst@token=\toks18
\lst@length=\count107
\lst@currlwidth=\dimen137
\lst@column=\count108
\lst@pos=\count109
\lst@lostspace=\dimen138
\lst@width=\dimen139
\lst@newlines=\count110
\lst@lineno=\count111
\lst@maxwidth=\dimen140

(C:\Users\smajeti\AppData\Roaming\MiKTeX\2.9\tex\latex\listings\lstmisc.sty
File: lstmisc.sty 2015/06/04 1.6 (Carsten Heinz)
\c@lstnumber=\count112
\lst@skipnumbers=\count113
\lst@framebox=\box55
)
(C:\Users\smajeti\AppData\Roaming\MiKTeX\2.9\tex\latex\listings\listings.cfg
File: listings.cfg 2015/06/04 1.6 listings configuration
))
Package: listings 2015/06/04 1.6 (Carsten Heinz)

(C:\Users\smajeti\AppData\Roaming\MiKTeX\2.9\tex\latex\pdfpages\pdfpages.sty
Package: pdfpages 2015/09/18 v0.5d Insert pages of external PDF documents (AM)

("C:\Program Files (x86)\MiKTeX 2.9\tex\latex\base\ifthen.sty"
Package: ifthen 2001/05/26 v1.1c Standard LaTeX ifthen package (DPC)
)
("C:\Program Files (x86)\MiKTeX 2.9\tex\latex\tools\calc.sty"
Package: calc 2007/08/22 v4.3 Infix arithmetic (KKT,FJ)
\calc@Acount=\count114
\calc@Bcount=\count115
\calc@Adimen=\dimen141
\calc@Bdimen=\dimen142
\calc@Askip=\skip45
\calc@Bskip=\skip46
LaTeX Info: Redefining \setlength on input line 76.
LaTeX Info: Redefining \addtolength on input line 77.
\calc@Ccount=\count116
\calc@Cskip=\skip47
)
(C:\Users\smajeti\AppData\Roaming\MiKTeX\2.9\tex\latex\eso-pic\eso-pic.sty
Package: eso-pic 2015/07/21 v2.0g eso-pic (RN)

("C:\Program Files (x86)\MiKTeX 2.9\tex\generic\oberdiek\atbegshi.sty"
Package: atbegshi 2011/10/05 v1.16 At begin shipout hook (HO)

("C:\Program Files (x86)\MiKTeX 2.9\tex\generic\oberdiek\ifpdf.sty"
Package: ifpdf 2011/01/30 v2.3 Provides the ifpdf switch (HO)
Package ifpdf Info: pdfTeX in PDF mode is detected.
)))
\AM@pagewidth=\dimen143
\AM@pageheight=\dimen144

(C:\Users\smajeti\AppData\Roaming\MiKTeX\2.9\tex\latex\pdfpages\pppdftex.def
File: pppdftex.def 2015/09/18 v0.5d Pdfpages driver for pdfTeX (AM)
)
\AM@pagebox=\box56
\AM@toc@title=\toks19
\c@AM@survey=\count117
\AM@templatesizebox=\box57
)
(C:\Users\smajeti\AppData\Roaming\MiKTeX\2.9\tex\latex\url\url.sty
\Urlmuskip=\muskip10
Package: url 2013/09/16  ver 3.4  Verb mode for urls, etc.
)
("C:\Program Files (x86)\MiKTeX 2.9\tex\latex\hyperref\hyperref.sty"
Package: hyperref 2012/11/06 v6.83m Hypertext links for LaTeX

("C:\Program Files (x86)\MiKTeX 2.9\tex\generic\oberdiek\hobsub-hyperref.sty"
Package: hobsub-hyperref 2012/04/25 v1.12 Bundle oberdiek, subset hyperref (HO)


("C:\Program Files (x86)\MiKTeX 2.9\tex\generic\oberdiek\hobsub-generic.sty"
Package: hobsub-generic 2012/04/25 v1.12 Bundle oberdiek, subset generic (HO)
Package: hobsub 2012/04/25 v1.12 Construct package bundles (HO)
Package hobsub Info: Skipping package `infwarerr' (already loaded).
Package hobsub Info: Skipping package `ltxcmds' (already loaded).
Package: ifluatex 2010/03/01 v1.3 Provides the ifluatex switch (HO)
Package ifluatex Info: LuaTeX not detected.
Package: ifvtex 2010/03/01 v1.5 Detect VTeX and its facilities (HO)
Package ifvtex Info: VTeX not detected.
Package: intcalc 2007/09/27 v1.1 Expandable calculations with integers (HO)
Package hobsub Info: Skipping package `ifpdf' (already loaded).
Package: etexcmds 2011/02/16 v1.5 Avoid name clashes with e-TeX commands (HO)
Package etexcmds Info: Could not find \expanded.
(etexcmds)             That can mean that you are not using pdfTeX 1.50 or
(etexcmds)             that some package has redefined \expanded.
(etexcmds)             In the latter case, load this package earlier.
Package: kvsetkeys 2012/04/25 v1.16 Key value parser (HO)
Package: kvdefinekeys 2011/04/07 v1.3 Define keys (HO)
Package: pdftexcmds 2011/11/29 v0.20 Utility functions of pdfTeX for LuaTeX (HO
)
Package pdftexcmds Info: LuaTeX not detected.
Package pdftexcmds Info: \pdf@primitive is available.
Package pdftexcmds Info: \pdf@ifprimitive is available.
Package pdftexcmds Info: \pdfdraftmode found.
Package: pdfescape 2011/11/25 v1.13 Implements pdfTeX's escape features (HO)
Package: bigintcalc 2012/04/08 v1.3 Expandable calculations on big integers (HO
)
Package: bitset 2011/01/30 v1.1 Handle bit-vector datatype (HO)
Package: uniquecounter 2011/01/30 v1.2 Provide unlimited unique counter (HO)
)
Package hobsub Info: Skipping package `hobsub' (already loaded).
Package: letltxmacro 2010/09/02 v1.4 Let assignment for LaTeX macros (HO)
Package: hopatch 2011/06/24 v1.1 Wrapper for package hooks (HO)
Package: xcolor-patch 2011/01/30 xcolor patch
Package: atveryend 2011/06/30 v1.8 Hooks at the very end of document (HO)
Package atveryend Info: \enddocument detected (standard20110627).
Package hobsub Info: Skipping package `atbegshi' (already loaded).
Package: refcount 2011/10/16 v3.4 Data extraction from label references (HO)
Package: hycolor 2011/01/30 v1.7 Color options for hyperref/bookmark (HO)
)
("C:\Program Files (x86)\MiKTeX 2.9\tex\generic\ifxetex\ifxetex.sty"
Package: ifxetex 2010/09/12 v0.6 Provides ifxetex conditional
)
("C:\Program Files (x86)\MiKTeX 2.9\tex\latex\oberdiek\auxhook.sty"
Package: auxhook 2011/03/04 v1.3 Hooks for auxiliary files (HO)
)
("C:\Program Files (x86)\MiKTeX 2.9\tex\latex\oberdiek\kvoptions.sty"
Package: kvoptions 2011/06/30 v3.11 Key value format for package options (HO)
)
\@linkdim=\dimen145
\Hy@linkcounter=\count118
\Hy@pagecounter=\count119

("C:\Program Files (x86)\MiKTeX 2.9\tex\latex\hyperref\pd1enc.def"
File: pd1enc.def 2012/11/06 v6.83m Hyperref: PDFDocEncoding definition (HO)
)
\Hy@SavedSpaceFactor=\count120

("C:\Program Files (x86)\MiKTeX 2.9\tex\latex\00miktex\hyperref.cfg"
File: hyperref.cfg 2002/06/06 v1.2 hyperref configuration of TeXLive
)
Package hyperref Info: Hyper figures OFF on input line 4443.
Package hyperref Info: Link nesting OFF on input line 4448.
Package hyperref Info: Hyper index ON on input line 4451.
Package hyperref Info: Plain pages OFF on input line 4458.
Package hyperref Info: Backreferencing OFF on input line 4463.
Package hyperref Info: Implicit mode ON; LaTeX internals redefined.
Package hyperref Info: Bookmarks ON on input line 4688.
\c@Hy@tempcnt=\count121
LaTeX Info: Redefining \url on input line 5041.
\XeTeXLinkMargin=\dimen146
\Fld@menulength=\count122
\Field@Width=\dimen147
\Fld@charsize=\dimen148
Package hyperref Info: Hyper figures OFF on input line 6295.
Package hyperref Info: Link nesting OFF on input line 6300.
Package hyperref Info: Hyper index ON on input line 6303.
Package hyperref Info: backreferencing OFF on input line 6310.
Package hyperref Info: Link coloring OFF on input line 6315.
Package hyperref Info: Link coloring with OCG OFF on input line 6320.
Package hyperref Info: PDF/A mode OFF on input line 6325.
LaTeX Info: Redefining \ref on input line 6365.
LaTeX Info: Redefining \pageref on input line 6369.
\Hy@abspage=\count123
\c@Item=\count124
\c@Hfootnote=\count125
)

Package hyperref Message: Driver (autodetected): hpdftex.

("C:\Program Files (x86)\MiKTeX 2.9\tex\latex\hyperref\hpdftex.def"
File: hpdftex.def 2012/11/06 v6.83m Hyperref driver for pdfTeX
\Fld@listcount=\count126
\c@bookmark@seq@number=\count127

("C:\Program Files (x86)\MiKTeX 2.9\tex\latex\oberdiek\rerunfilecheck.sty"
Package: rerunfilecheck 2011/04/15 v1.7 Rerun checks for auxiliary files (HO)
Package uniquecounter Info: New unique counter `rerunfilecheck' on input line 2
82.
)
\Hy@SectionHShift=\skip48
)
("C:\Program Files (x86)\MiKTeX 2.9\tex\latex\hyperref\nameref.sty"
Package: nameref 2012/10/27 v2.43 Cross-referencing by name of section

("C:\Program Files (x86)\MiKTeX 2.9\tex\generic\oberdiek\gettitlestring.sty"
Package: gettitlestring 2010/12/03 v1.4 Cleanup title references (HO)
)
\c@section@level=\count128
)
("C:\Program Files (x86)\MiKTeX 2.9\tex\latex\tools\longtable.sty"
Package: longtable 2004/02/01 v4.11 Multi-page Table package (DPC)
\LTleft=\skip49
\LTright=\skip50
\LTpre=\skip51
\LTpost=\skip52
\LTchunksize=\count129
\LTcapwidth=\dimen149
\LT@head=\box58
\LT@firsthead=\box59
\LT@foot=\box60
\LT@lastfoot=\box61
\LT@cols=\count130
\LT@rows=\count131
\c@LT@tables=\count132
\c@LT@chunks=\count133
\LT@p@ftn=\toks20
)
(Z:\coursework\cs532\a9Edited\final-tex\main.aux
(Z:\coursework\cs532\a9Edited\final-tex\question-1.aux)
(Z:\coursework\cs532\a9Edited\final-tex\question-2.aux

LaTeX Warning: Label `' multiply defined.


LaTeX Warning: Label `' multiply defined.


LaTeX Warning: Label `' multiply defined.


LaTeX Warning: Label `' multiply defined.


LaTeX Warning: Label `' multiply defined.


LaTeX Warning: Label `' multiply defined.


LaTeX Warning: Label `' multiply defined.


LaTeX Warning: Label `' multiply defined.

) (Z:\coursework\cs532\a9Edited\final-tex\question-3.aux))
LaTeX Font Info:    Checking defaults for OML/cmm/m/it on input line 20.
LaTeX Font Info:    ... okay on input line 20.
LaTeX Font Info:    Checking defaults for T1/cmr/m/n on input line 20.
LaTeX Font Info:    ... okay on input line 20.
LaTeX Font Info:    Checking defaults for OT1/cmr/m/n on input line 20.
LaTeX Font Info:    ... okay on input line 20.
LaTeX Font Info:    Checking defaults for OMS/cmsy/m/n on input line 20.
LaTeX Font Info:    ... okay on input line 20.
LaTeX Font Info:    Checking defaults for OMX/cmex/m/n on input line 20.
LaTeX Font Info:    ... okay on input line 20.
LaTeX Font Info:    Checking defaults for U/cmr/m/n on input line 20.
LaTeX Font Info:    ... okay on input line 20.
LaTeX Font Info:    Checking defaults for PD1/pdf/m/n on input line 20.
LaTeX Font Info:    ... okay on input line 20.

(C:\Users\smajeti\AppData\Roaming\MiKTeX\2.9\tex\context\base\supp-pdf.mkii
[Loading MPS to PDF converter (version 2006.09.02).]
\scratchcounter=\count134
\scratchdimen=\dimen150
\scratchbox=\box62
\nofMPsegments=\count135
\nofMParguments=\count136
\everyMPshowfont=\toks21
\MPscratchCnt=\count137
\MPscratchDim=\dimen151
\MPnumerator=\count138
\makeMPintoPDFobject=\count139
\everyMPtoPDFconversion=\toks22
)
\c@lstlisting=\count140
\AtBeginShipoutBox=\box63
 ("C:\Program Files (x86)\MiKTeX 2.9\tex\latex\oberdiek\pdflscape.sty"
Package: pdflscape 2008/08/11 v0.10 Display of landscape pages in PDF (HO)

("C:\Program Files (x86)\MiKTeX 2.9\tex\latex\graphics\lscape.sty"
Package: lscape 2000/10/22 v3.01 Landscape Pages (DPC)
)
Package pdflscape Info: Auto-detected driver: pdftex on input line 80.
)
Package hyperref Info: Link coloring OFF on input line 20.
LaTeX Info: Redefining \ref on input line 20.
LaTeX Info: Redefining \pageref on input line 20.
LaTeX Info: Redefining \nameref on input line 20.

(Z:\coursework\cs532\a9Edited\final-tex\main.out)
(Z:\coursework\cs532\a9Edited\final-tex\main.out)
\@outlinefile=\write4
 [1

{C:/ProgramData/MiKTeX/2.9/pdftex/config/pdftex.map}] [2


]
LaTeX Font Info:    Try loading font information for U+msa on input line 33.

("C:\Program Files (x86)\MiKTeX 2.9\tex\latex\amsfonts\umsa.fd"
File: umsa.fd 2013/01/14 v3.01 AMS symbols A
)
LaTeX Font Info:    Try loading font information for U+msb on input line 33.

("C:\Program Files (x86)\MiKTeX 2.9\tex\latex\amsfonts\umsb.fd"
File: umsb.fd 2013/01/14 v3.01 AMS symbols B
)
(Z:\coursework\cs532\a9Edited\final-tex\main.toc)
\tf@toc=\write5
 [5


] [6


]
(Z:\coursework\cs532\a9Edited\final-tex\question-1.tex
Chapter 1.

Underfull \hbox (badness 10000) in paragraph at lines 13--14

 []


Underfull \hbox (badness 10000) in paragraph at lines 13--14

 []


Underfull \hbox (badness 10000) in paragraph at lines 13--14

 []


Underfull \hbox (badness 10000) in paragraph at lines 13--14

 []


Underfull \hbox (badness 10000) in paragraph at lines 13--14

 []


Underfull \hbox (badness 10000) in paragraph at lines 13--14

 []


Underfull \hbox (badness 10000) in paragraph at lines 13--14

 []


Underfull \hbox (badness 10000) in paragraph at lines 13--14

 []


Underfull \hbox (badness 10000) in paragraph at lines 13--14

 []


Underfull \hbox (badness 10000) in paragraph at lines 13--14

 []

pdfTeX warning (ext4): destination with the same identifier (name{page.1}) has 
been already used, duplicate ignored
<to be read again> 
                   \relax 
l.15 \newpage
              [1



]
LaTeX Font Info:    Try loading font information for OMS+cmr on input line 18.
 ("C:\Program Files (x86)\MiKTeX 2.9\tex\latex\base\omscmr.fd"
File: omscmr.fd 1999/05/25 v2.5h Standard LaTeX font definitions
)
LaTeX Font Info:    Font shape `OMS/cmr/m/n' in size <10> not available
(Font)              Font shape `OMS/cmsy/m/n' tried instead on input line 18.
)pdfTeX warning (ext4): destination with the same identifier (name{page.2}) has
 been already used, duplicate ignored
<to be read again> 
                   \relax 
l.38 \include{question-1}
                          [2]
(Z:\coursework\cs532\a9Edited\final-tex\question-2.tex
Chapter 2.

Underfull \hbox (badness 10000) in paragraph at lines 5--6

 []


Underfull \hbox (badness 10000) in paragraph at lines 5--6

 []


Underfull \hbox (badness 10000) in paragraph at lines 5--6

 []


Overfull \hbox (2.42589pt too wide) in paragraph at lines 18--18
[]|\OT1/cmr/bx/n/9 Predicted
 []


Underfull \hbox (badness 10000) in paragraph at lines 18--18
[]|\OT1/cmr/bx/n/9 Actual
 []


Underfull \hbox (badness 10000) in paragraph at lines 19--19
[]|[]$\OT1/cmtt/m/n/9 http : / / timesofindia . indiatimes . com /$
 []


Underfull \hbox (badness 10000) in paragraph at lines 19--19
$\OT1/cmtt/m/n/9 entertainment / hindi / movie -[] reviews / Saala -[]$
 []


Underfull \hbox (badness 10000) in paragraph at lines 19--19
$\OT1/cmtt/m/n/9 Khadoos / movie -[] review / 50775792 . cms ? tabtype =$
 []

Missing character: There is no Ã in font cmr9!
Missing character: There is no ¢ in font cmr9!
Missing character: There is no Ã in font cmr9!
Missing character: There is no ¢ in font cmr9!

Underfull \hbox (badness 2452) in paragraph at lines 21--21
[]|\OT1/cmr/m/n/9 'Dilwale' song Pre-
 []


Underfull \hbox (badness 1762) in paragraph at lines 21--21
\OT1/cmr/m/n/9 mika to re-lease on
 []

Missing character: There is no Ã in font cmr9!
Missing character: There is no ¢ in font cmr9!
Missing character: There is no Ã in font cmr9!
Missing character: There is no ¢ in font cmr9!
Missing character: There is no Ã in font cmr9!
Missing character: There is no ¢ in font cmr9!

Underfull \hbox (badness 6608) in paragraph at lines 22--22
[]|\OT1/cmr/m/n/9 Spoiler Alert: Dil-
 []


Underfull \hbox (badness 10000) in paragraph at lines 22--22
[]|[]$\OT1/cmtt/m/n/9 http : / / timesofindia . indiatimes . com /$
 []


Underfull \hbox (badness 10000) in paragraph at lines 22--22
$\OT1/cmtt/m/n/9 entertainment / hindi / movie -[] reviews / Dilwale /$
 []


Underfull \hbox (badness 1584) in paragraph at lines 23--23
[]|\OT1/cmr/m/n/9 Movie Re-view: Dil-
 []


Underfull \hbox (badness 10000) in paragraph at lines 23--23
[]|[]$\OT1/cmtt/m/n/9 http : / / timesofindia . indiatimes . com /$
 []


Underfull \hbox (badness 10000) in paragraph at lines 23--23
$\OT1/cmtt/m/n/9 entertainment / hindi / movie -[] reviews / Dilwale /$
 []


Underfull \hbox (badness 1389) in paragraph at lines 24--24
[]|\OT1/cmr/m/n/9 Asha Bhosle not a
 []


Underfull \hbox (badness 10000) in paragraph at lines 24--24
\OT1/cmr/m/n/9 fol-lower of Radhe
 []


Underfull \hbox (badness 10000) in paragraph at lines 24--24
[]|[]$\OT1/cmtt/m/n/9 http : / / timesofindia . indiatimes . com /$
 []


Underfull \hbox (badness 10000) in paragraph at lines 24--24
$\OT1/cmtt/m/n/9 entertainment / hindi / bollywood / Radhe -[] Maas -[]$
 []


Underfull \hbox (badness 10000) in paragraph at lines 24--24
$\OT1/cmtt/m/n/9 Bollywood -[] connection / photostory / 48585163 .$
 []


Underfull \hbox (badness 2521) in paragraph at lines 25--25
[]|\OT1/cmr/m/n/9 Salman ap-peal put
 []


Underfull \hbox (badness 10000) in paragraph at lines 26--26
[]|[]$\OT1/cmtt/m/n/9 http : / / timesofindia . indiatimes . com /$
 []


Underfull \hbox (badness 10000) in paragraph at lines 26--26
$\OT1/cmtt/m/n/9 entertainment / hindi / movie -[] reviews / Me /$
 []


Underfull \hbox (badness 3009) in paragraph at lines 27--27
\OT1/cmr/m/n/9 a hand-ful of films
 []

Missing character: There is no Ã in font cmr9!
Missing character: There is no ¢ in font cmr9!
Missing character: There is no Ã in font cmr9!
Missing character: There is no ¢ in font cmr9!
Missing character: There is no Ã in font cmr9!
Missing character: There is no ¢ in font cmr9!

Underfull \hbox (badness 10000) in paragraph at lines 28--28
[]|\OT1/cmr/m/n/9 Kissa Kursi Ka:
 []


Underfull \hbox (badness 10000) in paragraph at lines 28--28
\OT1/cmr/m/n/9 Gov-ern-ment mulls
 []


Underfull \hbox (badness 10000) in paragraph at lines 28--28
\OT1/cmr/m/n/9 re-turn-ing prints
 []


Underfull \hbox (badness 10000) in paragraph at lines 28--28
\OT1/cmr/m/n/9 or com-pen-sat-ing
 []

Missing character: There is no Ã in font cmr9!
Missing character: There is no ¢ in font cmr9!
Missing character: There is no Ã in font cmr9!
Missing character: There is no ¢ in font cmr9!

Underfull \hbox (badness 10000) in paragraph at lines 29--29
\OT1/cmr/m/n/9 sur-ren-ders Rs
 []


Underfull \hbox (badness 2057) in paragraph at lines 29--29
\OT1/cmr/m/n/9 1.2cr re-ceived from
 []


Underfull \hbox (badness 10000) in paragraph at lines 30--30
[]|\OT1/cmr/m/n/9 Sangeeta Bi-jlani:
 []


Underfull \hbox (badness 10000) in paragraph at lines 30--30
\OT1/cmr/m/n/9 Sangeeta un-com-
 []


Underfull \hbox (badness 10000) in paragraph at lines 30--30
\OT1/cmr/m/n/9 fort-able do-ing
 []


Underfull \hbox (badness 10000) in paragraph at lines 30--30
\OT1/cmr/m/n/9 lovemaking-kissing
 []


Underfull \hbox (badness 1997) in paragraph at lines 30--30
\OT1/cmr/m/n/9 scenes, quits come-
 []

Missing character: There is no Ã in font cmr9!
Missing character: There is no ¢ in font cmr9!
Missing character: There is no Ã in font cmr9!
Missing character: There is no ¢ in font cmr9!

Overfull \hbox (45.88579pt too wide) in alignment at lines 16--33
 [] [] [] [] 
 []


Underfull \vbox (badness 10000) detected at line 33
 []


LaTeX Warning: Float too large for page by 192.8999pt on input line 35.


Overfull \hbox (2.42589pt too wide) in paragraph at lines 43--43
[]|\OT1/cmr/bx/n/9 Predicted
 []


Underfull \hbox (badness 10000) in paragraph at lines 43--43
[]|\OT1/cmr/bx/n/9 Actual
 []


Underfull \hbox (badness 10000) in paragraph at lines 45--45
\OT1/cmr/m/n/9 big in Britain's
 []


Underfull \hbox (badness 10000) in paragraph at lines 46--46
[]|\OT1/cmr/m/n/9 Movie Re-view:
 []


Underfull \hbox (badness 10000) in paragraph at lines 46--46
[]|[]$\OT1/cmtt/m/n/9 http : / / timesofindia . indiatimes . com /$
 []


Underfull \hbox (badness 10000) in paragraph at lines 46--46
$\OT1/cmtt/m/n/9 entertainment / english / movie -[] reviews /$
 []


Underfull \hbox (badness 5622) in paragraph at lines 47--47
[]|\OT1/cmr/m/n/9 Spoiler Alert: The
 []


Underfull \hbox (badness 10000) in paragraph at lines 47--47
[]|[]$\OT1/cmtt/m/n/9 http : / / timesofindia . indiatimes . com /$
 []


Underfull \hbox (badness 10000) in paragraph at lines 47--47
$\OT1/cmtt/m/n/9 entertainment / english / movie -[] reviews / The -[]$
 []


Underfull \hbox (badness 10000) in paragraph at lines 47--47
$\OT1/cmtt/m/n/9 Boy / movie -[] review / 50758961 . cms ? tabtype =$
 []


Underfull \hbox (badness 5622) in paragraph at lines 48--48
[]|\OT1/cmr/m/n/9 Spoiler Alert: The
 []


Underfull \hbox (badness 10000) in paragraph at lines 48--48
[]|[]$\OT1/cmtt/m/n/9 http : / / timesofindia . indiatimes . com /$
 []


Underfull \hbox (badness 10000) in paragraph at lines 48--48
$\OT1/cmtt/m/n/9 entertainment / english / movie -[] reviews / The -[]$
 []


Underfull \hbox (badness 10000) in paragraph at lines 48--48
$\OT1/cmtt/m/n/9 Danish -[] Girl / movie -[] review / 50578161 . cms ?$
 []


Underfull \hbox (badness 5622) in paragraph at lines 49--49
[]|\OT1/cmr/m/n/9 Spoiler Alert: The
 []


Underfull \hbox (badness 10000) in paragraph at lines 49--49
[]|[]$\OT1/cmtt/m/n/9 http : / / timesofindia . indiatimes . com /$
 []


Underfull \hbox (badness 10000) in paragraph at lines 49--49
$\OT1/cmtt/m/n/9 entertainment / english / movie -[] reviews / The -[]$
 []


Underfull \hbox (badness 10000) in paragraph at lines 49--49
$\OT1/cmtt/m/n/9 Hateful -[] Eight / movie -[] review / 50579793 . cms ?$
 []


Underfull \hbox (badness 5607) in paragraph at lines 50--50
[]|\OT1/cmr/m/n/9 Spoiler Alert: Our
 []


Underfull \hbox (badness 10000) in paragraph at lines 50--50
[]|[]$\OT1/cmtt/m/n/9 http : / / timesofindia . indiatimes . com /$
 []


Underfull \hbox (badness 10000) in paragraph at lines 50--50
$\OT1/cmtt/m/n/9 entertainment / english / movie -[] reviews / Our -[]$
 []


Underfull \hbox (badness 10000) in paragraph at lines 50--50
$\OT1/cmtt/m/n/9 Brand -[] Is -[] Crisis / movie -[] review / 50499376 .$
 []


Underfull \hbox (badness 10000) in paragraph at lines 51--51
[]|\OT1/cmr/m/n/9 Spoiler Alert:
 []


Underfull \hbox (badness 10000) in paragraph at lines 51--51
[]|[]$\OT1/cmtt/m/n/9 http : / / timesofindia . indiatimes . com /$
 []


Underfull \hbox (badness 10000) in paragraph at lines 51--51
$\OT1/cmtt/m/n/9 entertainment / english / movie -[] reviews /$
 []


Underfull \hbox (badness 10000) in paragraph at lines 51--51
$\OT1/cmtt/m/n/9 Daddys -[] Home / movie -[] review / 50499975 . cms ?$
 []


Underfull \hbox (badness 10000) in paragraph at lines 52--52
[]|[]$\OT1/cmtt/m/n/9 http : / / timesofindia . indiatimes . com /$
 []


Underfull \hbox (badness 10000) in paragraph at lines 52--52
$\OT1/cmtt/m/n/9 entertainment / english / movie -[] reviews /$
 []


Underfull \hbox (badness 10000) in paragraph at lines 52--52
$\OT1/cmtt/m/n/9 Point -[] Break / movie -[] review / 50391153 . cms ?$
 []


Underfull \hbox (badness 4266) in paragraph at lines 53--53
[]|\OT1/cmr/m/n/9 Spoiler Alert: Star
 []


Underfull \hbox (badness 10000) in paragraph at lines 53--53
\OT1/cmr/m/n/9 Wars: The Force
 []


Underfull \hbox (badness 10000) in paragraph at lines 53--53
[]|[]$\OT1/cmtt/m/n/9 http : / / timesofindia . indiatimes . com /$
 []


Underfull \hbox (badness 10000) in paragraph at lines 53--53
$\OT1/cmtt/m/n/9 entertainment / english / movie -[] reviews / Star -[]$
 []


Underfull \hbox (badness 10000) in paragraph at lines 53--53
$\OT1/cmtt/m/n/9 Wars -[] The -[] Force -[] Awakens / movie -[] review /$
 []


Underfull \hbox (badness 10000) in paragraph at lines 54--54
[]|[]$\OT1/cmtt/m/n/9 http : / / timesofindia . indiatimes . com /$
 []


Underfull \hbox (badness 10000) in paragraph at lines 54--54
$\OT1/cmtt/m/n/9 entertainment / english / movie -[] reviews / In -[]$
 []


Underfull \hbox (badness 10000) in paragraph at lines 54--54
$\OT1/cmtt/m/n/9 The -[] Heart -[] Of -[] The -[] Sea / movie -[] review /$
 []


Underfull \hbox (badness 5622) in paragraph at lines 55--55
[]|\OT1/cmr/m/n/9 Spoiler Alert: The
 []


Underfull \hbox (badness 10000) in paragraph at lines 55--55
\OT1/cmr/m/n/9 Hunger Games:
 []


Underfull \hbox (badness 10000) in paragraph at lines 55--55
[]|[]$\OT1/cmtt/m/n/9 http : / / timesofindia . indiatimes . com /$
 []


Underfull \hbox (badness 10000) in paragraph at lines 55--55
$\OT1/cmtt/m/n/9 entertainment / english / movie -[] reviews / The -[]$
 []


Underfull \hbox (badness 10000) in paragraph at lines 55--55
$\OT1/cmtt/m/n/9 Hunger -[] Games -[] Mockingjay -[] Part -[] 2 / movie -[]$
 []


Underfull \hbox (badness 10000) in paragraph at lines 57--57
[]|[]$\OT1/cmtt/m/n/9 http : / / timesofindia . indiatimes . com /$
 []


Underfull \hbox (badness 10000) in paragraph at lines 57--57
$\OT1/cmtt/m/n/9 entertainment / english / movie -[] reviews / The -[]$
 []


Underfull \hbox (badness 10000) in paragraph at lines 57--57
$\OT1/cmtt/m/n/9 Martian / movie -[] review / 49180156 . cms ? tabtype =$
 []


Underfull \hbox (badness 10000) in paragraph at lines 58--58
[]|\OT1/cmr/m/n/9 Bobbi Kristina
 []


Underfull \hbox (badness 1205) in paragraph at lines 58--58
\OT1/cmr/m/n/9 Brown, daugh-ter of
 []


Underfull \hbox (badness 10000) in paragraph at lines 58--58
\OT1/cmr/m/n/9 Whit-ney Hous-ton,
 []


Underfull \hbox (badness 10000) in paragraph at lines 59--59
[]|[]$\OT1/cmtt/m/n/9 http : / / timesofindia . indiatimes . com /$
 []


Underfull \hbox (badness 10000) in paragraph at lines 59--59
$\OT1/cmtt/m/n/9 entertainment / english / movie -[] reviews /$
 []


Underfull \hbox (badness 10000) in paragraph at lines 59--59
$\OT1/cmtt/m/n/9 Insidious -[] Chapter -[] 3 / movie -[] review /$
 []


Overfull \hbox (45.88579pt too wide) in alignment at lines 41--60
 [] [] [] [] 
 []


Underfull \vbox (badness 10000) detected at line 60
 []


LaTeX Warning: Float too large for page by 157.7999pt on input line 62.


Overfull \hbox (2.42589pt too wide) in paragraph at lines 70--70
[]|\OT1/cmr/bx/n/9 Predicted
 []


Underfull \hbox (badness 10000) in paragraph at lines 70--70
[]|\OT1/cmr/bx/n/9 Actual
 []


Underfull \hbox (badness 10000) in paragraph at lines 71--71
[]|\OT1/cmr/m/n/9 MOVIE RE-VIEW:
 []


Underfull \hbox (badness 10000) in paragraph at lines 71--71
[]|[]$\OT1/cmtt/m/n/9 http : / / timesofindia . indiatimes . com /$
 []


Underfull \hbox (badness 10000) in paragraph at lines 71--71
$\OT1/cmtt/m/n/9 entertainment / english / movie -[] review / the -[]$
 []


Underfull \hbox (badness 2865) in paragraph at lines 72--72
[]|\OT1/cmr/m/n/9 Big B to pro-mote
 []


Underfull \hbox (badness 2653) in paragraph at lines 74--74
[]|\OT1/cmr/m/n/9 Siddharth con-tin-ues
 []


Underfull \hbox (badness 10000) in paragraph at lines 75--75
[]|\OT1/cmr/m/n/9 Kollywood ac-tor
 []


Underfull \hbox (badness 10000) in paragraph at lines 75--75
\OT1/cmr/m/n/9 Sid-dharth's home
 []


Underfull \hbox (badness 10000) in paragraph at lines 76--76
[]|\OT1/cmr/m/n/9 Actor Vivek loses
 []


Underfull \hbox (badness 7186) in paragraph at lines 76--76
\OT1/cmr/m/n/9 13-year-old son to
 []

Missing character: There is no Ã in font cmr9!
Missing character: There is no ¢ in font cmr9!

Underfull \hbox (badness 2564) in paragraph at lines 77--77
[]|\OT1/cmr/m/n/9 What are the col-
 []


Underfull \hbox (badness 10000) in paragraph at lines 77--77
\OT1/cmr/m/n/9 lec-tion fig-ures of
 []


Underfull \hbox (badness 10000) in paragraph at lines 77--77
\OT1/cmr/m/n/9 10 En-drathukulla
 []

Missing character: There is no Ã in font cmr9!
Missing character: There is no ¢ in font cmr9!

Underfull \hbox (badness 1024) in paragraph at lines 77--77
[]|\OT1/cmr/m/n/9 There are two ver-sions on the col-lec-tions of
 []


Underfull \hbox (badness 10000) in paragraph at lines 78--78
[]|\OT1/cmr/m/n/9 OMG: Vishal at-
 []


Underfull \hbox (badness 7273) in paragraph at lines 78--78
\OT1/cmr/m/n/9 tacked at Nadi-gar
 []


Underfull \hbox (badness 1577) in paragraph at lines 79--79
[]|\OT1/cmr/m/n/9 Income tax de-part-
 []

Missing character: There is no Ã in font cmr9!
Missing character: There is no ‚ in font cmr9!
Missing character: There is no Ã in font cmr9!
Missing character: There is no ‚ in font cmr9!

Underfull \hbox (badness 10000) in paragraph at lines 80--80
[]|\OT1/cmr/m/n/9 Tamil ac-tor Kr-
 []


Underfull \hbox (badness 10000) in paragraph at lines 82--82
[]|\OT1/cmr/m/n/9 Director Sar-a-vanan
 []


Underfull \hbox (badness 10000) in paragraph at lines 84--84
[]|\OT1/cmr/m/n/9 Jyotika-Suriya may
 []


Underfull \hbox (badness 10000) in paragraph at lines 84--84
\OT1/cmr/m/n/9 act to-gether next
 []

Missing character: There is no Ã in font cmr9!
Missing character: There is no ¢ in font cmr9!

Underfull \hbox (badness 10000) in paragraph at lines 87--87
[]|\OT1/cmr/m/n/9 Dhanush's Maari
 []

Missing character: There is no Ã in font cmr9!
Missing character: There is no ¢ in font cmr9!

Overfull \hbox (45.88579pt too wide) in alignment at lines 68--88
 [] [] [] [] 
 []


Underfull \vbox (badness 10000) detected at line 88
 []


LaTeX Warning: Float too large for page by 147.59988pt on input line 90.


Overfull \hbox (2.42589pt too wide) in paragraph at lines 98--98
[]|\OT1/cmr/bx/n/9 Predicted
 []


Underfull \hbox (badness 10000) in paragraph at lines 98--98
[]|\OT1/cmr/bx/n/9 Actual
 []


Underfull \hbox (badness 10000) in paragraph at lines 100--100
\OT1/cmr/m/n/9 Awards: Tamil
 []


Underfull \hbox (badness 10000) in paragraph at lines 100--100
\OT1/cmr/m/n/9 movies bag eight
 []


Underfull \hbox (badness 3942) in paragraph at lines 101--101
[]|\OT1/cmr/m/n/9 Madras high court
 []


Underfull \hbox (badness 10000) in paragraph at lines 101--101
\OT1/cmr/m/n/9 stays re-lease of
 []

Missing character: There is no Ã in font cmr9!
Missing character: There is no ¢ in font cmr9!
Missing character: There is no Ã in font cmr9!
Missing character: There is no ¢ in font cmr9!

Underfull \hbox (badness 10000) in paragraph at lines 102--102
\OT1/cmr/m/n/9 from Hol-ly-wood
 []

Missing character: There is no Ã in font cmr9!
Missing character: There is no ¢ in font cmr9!

Underfull \hbox (badness 10000) in paragraph at lines 103--103
\OT1/cmr/m/n/9 from Hol-ly-wood
 []

Missing character: There is no Ã in font cmr9!
Missing character: There is no ¢ in font cmr9!

Underfull \hbox (badness 1436) in paragraph at lines 104--104
\OT1/cmr/m/n/9 (South) Tamil win-
 []


Underfull \hbox (badness 5533) in paragraph at lines 104--104
[]|\OT1/cmr/m/n/9 Director Ram's 'Thangameen-gal' swept the
 []


Underfull \hbox (badness 7486) in paragraph at lines 105--105
[]|\OT1/cmr/m/n/9 Pawan Kalyan re-
 []


Underfull \hbox (badness 10000) in paragraph at lines 105--105
\OT1/cmr/m/n/9 turns as 'Sar-daar
 []


Underfull \hbox (badness 10000) in paragraph at lines 106--106
\OT1/cmr/m/n/9 re-lief sup-plies to
 []


Underfull \hbox (badness 8056) in paragraph at lines 107--107
\OT1/cmr/m/n/9 adopts Sid-da-pu-ram
 []


Underfull \hbox (badness 1424) in paragraph at lines 107--107
\OT1/cmr/m/n/9 vil-lage of back-ward
 []

Missing character: There is no Ã in font cmr9!
Missing character: There is no ¢ in font cmr9!
Missing character: There is no Ã in font cmr9!
Missing character: There is no ¢ in font cmr9!
Missing character: There is no Ã in font cmr9!
Missing character: There is no ¢ in font cmr9!

Underfull \hbox (badness 10000) in paragraph at lines 109--109
[]|\OT1/cmr/m/n/9 Baahubalis song
 []

Missing character: There is no Ã in font cmr9!
Missing character: There is no ¢ in font cmr9!
Missing character: There is no Ã in font cmr9!
Missing character: There is no ¢ in font cmr9!
Missing character: There is no Ã in font cmr9!
Missing character: There is no ¢ in font cmr9!

Underfull \hbox (badness 2409) in paragraph at lines 110--110
\OT1/cmr/m/n/9 fa-ther passed away
 []


Underfull \hbox (badness 6364) in paragraph at lines 110--110
\OT1/cmr/m/n/9 did I re-alise how
 []


Underfull \hbox (badness 7256) in paragraph at lines 110--110
\OT1/cmr/m/n/9 much my life re-
 []


Underfull \hbox (badness 1281) in paragraph at lines 110--110
\OT1/cmr/m/n/9 volved around him:
 []


Underfull \hbox (badness 10000) in paragraph at lines 111--111
[]|\OT1/cmr/m/n/9 Yoga and walk-ing
 []


Underfull \hbox (badness 1552) in paragraph at lines 111--111
\OT1/cmr/m/n/9 helped me to shed
 []


Underfull \hbox (badness 4132) in paragraph at lines 111--111
\OT1/cmr/m/n/9 my weight: Raashi
 []


Underfull \hbox (badness 10000) in paragraph at lines 112--112
[]|\OT1/cmr/m/n/9 Is Ma-hesh Babu
 []


Underfull \hbox (badness 10000) in paragraph at lines 112--112
\OT1/cmr/m/n/9 play-ing him-self in
 []


Underfull \hbox (badness 1178) in paragraph at lines 113--113
[]|\OT1/cmr/m/n/9 It would be stupid
 []


Underfull \hbox (badness 2707) in paragraph at lines 113--113
\OT1/cmr/m/n/9 of me to try and
 []


Underfull \hbox (badness 10000) in paragraph at lines 113--113
\OT1/cmr/m/n/9 em-u-late my dad:
 []

Missing character: There is no Ã in font cmr9!
Missing character: There is no ¢ in font cmr9!

Underfull \hbox (badness 6236) in paragraph at lines 114--114
[]|\OT1/cmr/m/n/9 Allari Naresh gets
 []


Overfull \hbox (45.88579pt too wide) in alignment at lines 96--115
 [] [] [] [] 
 []


Underfull \vbox (badness 10000) detected at line 115
 []


LaTeX Warning: Float too large for page by 124.7999pt on input line 117.


Underfull \hbox (badness 10000) in paragraph at lines 125--125
[]|\OT1/cmr/bx/n/9 Predicted
 []

Missing character: There is no Ã in font cmr9!
Missing character: There is no ¢ in font cmr9!
Missing character: There is no Ã in font cmr9!
Missing character: There is no ¢ in font cmr9!
Missing character: There is no Ã in font cmr9!
Missing character: There is no ¢ in font cmr9!
Missing character: There is no Ã in font cmr9!
Missing character: There is no ¢ in font cmr9!
Missing character: There is no Ã in font cmr9!
Missing character: There is no ¢ in font cmr9!

Underfull \hbox (badness 10000) in paragraph at lines 128--128
\OT1/cmr/m/n/9 Kohli, Gayle and
 []


Underfull \hbox (badness 10000) in paragraph at lines 130--130
[]|\OT1/cmr/m/n/9 Several di-a-logues
 []


Underfull \hbox (badness 3724) in paragraph at lines 131--131
[]|\OT1/cmr/m/n/9 Amal Neerad, Sid-
 []


Underfull \hbox (badness 1845) in paragraph at lines 133--133
[]|\OT1/cmr/m/n/9 Dulquer to film in
 []


Underfull \hbox (badness 10000) in paragraph at lines 135--135
[]|\OT1/cmr/m/n/9 Walayar Para-ma-si-
 []


Underfull \hbox (badness 10000) in paragraph at lines 136--136
[]|\OT1/cmr/m/n/9 Priyadarshan says
 []


Underfull \hbox (badness 10000) in paragraph at lines 136--136
\OT1/cmr/m/n/9 Char-lie, Pre-mam
 []


Underfull \hbox (badness 1917) in paragraph at lines 137--137
[]|\OT1/cmr/m/n/9 Samuthirakani in a
 []


Underfull \hbox (badness 3168) in paragraph at lines 138--138
[]|\OT1/cmr/m/n/9 Vedhika joins Wel-
 []


Underfull \hbox (badness 4120) in paragraph at lines 140--140
\OT1/cmr/m/n/9 it big in M-town:
 []

Missing character: There is no Ã in font cmr9!
Missing character: There is no ¢ in font cmr9!
Missing character: There is no Ã in font cmr9!
Missing character: There is no ¢ in font cmr9!
Missing character: There is no Ã in font cmr9!
Missing character: There is no ¢ in font cmr9!

Overfull \hbox (74.33855pt too wide) in alignment at lines 123--144
 [] [] [] [] 
 []


Underfull \vbox (badness 10000) detected at line 144
 []


Underfull \hbox (badness 10000) in paragraph at lines 145--145
[]|\OT1/cmr/m/n/9 James and Al-ice
 []


Underfull \hbox (badness 10000) in paragraph at lines 146--146
[]|\OT1/cmr/m/n/9 Censor cuts irkes
 []


Underfull \hbox (badness 10000) in paragraph at lines 146--146
\OT1/cmr/m/n/9 Ra-jesh-wari Poor-
 []


Overfull \hbox (74.33855pt too wide) in alignment at lines 144--147
 [] [] [] [] 
 []


LaTeX Warning: Float too large for page by 160.19986pt on input line 149.


Underfull \hbox (badness 10000) in paragraph at lines 158--158
[]|\OT1/cmr/bx/n/9 Predicted
 []


Underfull \hbox (badness 1028) in paragraph at lines 159--159
[]|\OT1/cmr/m/n/9 'Chandi Kori' team
 []

Missing character: There is no Ã in font cmr9!
Missing character: There is no ¢ in font cmr9!

Underfull \hbox (badness 1762) in paragraph at lines 160--160
[]|\OT1/cmr/m/n/9 After Dar-shan, Ur-
 []


Underfull \hbox (badness 1308) in paragraph at lines 160--160
\OT1/cmr/m/n/9 vashi Rautela picks
 []


Underfull \hbox (badness 10000) in paragraph at lines 161--161
\OT1/cmr/m/n/9 ara-jku-mar suf-fers
 []


Overfull \hbox (74.33855pt too wide) in alignment at lines 156--162
 [] [] [] [] 
 []


Underfull \vbox (badness 10000) detected at line 162
 []

[3




] [4] [5] [6] [7] [8]
Underfull \hbox (badness 10000) in paragraph at lines 176--176
[]\OT1/cmr/bx/n/9 Predicted
 []


Underfull \hbox (badness 10000) in paragraph at lines 177--177
[]\OT1/cmr/m/n/9 Sequels ga-lore to
 []


Underfull \hbox (badness 10000) in paragraph at lines 177--177
\OT1/cmr/m/n/9 storm San-dal-wood
 []


Underfull \hbox (badness 10000) in paragraph at lines 177--177
[]\OT1/cmr/m/n/9 sandalwood
 []


Underfull \hbox (badness 2293) in paragraph at lines 178--178
[]\OT1/cmr/m/n/9 Shubra Aiyappa at
 []


Underfull \hbox (badness 1189) in paragraph at lines 178--178
\OT1/cmr/m/n/9 a cock-tail party at
 []


Underfull \hbox (badness 3118) in paragraph at lines 178--178
\OT1/cmr/m/n/9 Sher-a-ton Grand in
 []


Underfull \hbox (badness 10000) in paragraph at lines 178--178
[]\OT1/cmr/m/n/9 shubra
 []


Underfull \hbox (badness 2293) in paragraph at lines 179--179
[]\OT1/cmr/m/n/9 Shubra Aiyappa at
 []


Underfull \hbox (badness 1189) in paragraph at lines 179--179
\OT1/cmr/m/n/9 a cock-tail party at
 []


Underfull \hbox (badness 3118) in paragraph at lines 179--179
\OT1/cmr/m/n/9 Sher-a-ton Grand in
 []


Underfull \hbox (badness 2293) in paragraph at lines 180--180
[]\OT1/cmr/m/n/9 Shubra Aiyappa at
 []


Underfull \hbox (badness 1189) in paragraph at lines 180--180
\OT1/cmr/m/n/9 a cock-tail party at
 []


Underfull \hbox (badness 3118) in paragraph at lines 180--180
\OT1/cmr/m/n/9 Sher-a-ton Grand in
 []


Underfull \hbox (badness 10000) in paragraph at lines 183--183
[]\OT1/cmr/m/n/9 Who will re-place
 []


Underfull \hbox (badness 10000) in paragraph at lines 184--184
[]\OT1/cmr/m/n/9 award win-
 []


Underfull \hbox (badness 1102) in paragraph at lines 185--185
[]\OT1/cmr/m/n/9 Watch Sindhu Lok-
 []


Underfull \hbox (badness 10000) in paragraph at lines 185--185
[]\OT1/cmr/m/n/9 sindhu lok-
 []


Underfull \hbox (badness 2951) in paragraph at lines 186--186
[]\OT1/cmr/m/n/9 mr and mrs
 []


Underfull \hbox (badness 10000) in paragraph at lines 188--188
[]\OT1/cmr/m/n/9 Trailer of Yo-g-a-
 []


Underfull \hbox (badness 10000) in paragraph at lines 188--188
\OT1/cmr/m/n/9 raj Bhat's Vaastu
 []


Underfull \hbox (badness 10000) in paragraph at lines 189--189
[]\OT1/cmr/m/n/9 Watch: Trailer of
 []


Underfull \hbox (badness 4556) in paragraph at lines 190--190
[]\OT1/cmr/m/n/9 Watch: The teaser
 []


Underfull \hbox (badness 10000) in paragraph at lines 190--190
\OT1/cmr/m/n/9 trailer of Godhi
 []


Underfull \hbox (badness 10000) in paragraph at lines 190--190
\OT1/cmr/m/n/9 Banna Sad-harna
 []


Underfull \hbox (badness 10000) in paragraph at lines 190--190
[]\OT1/cmr/m/n/9 godhi banna
 []


Underfull \hbox (badness 10000) in paragraph at lines 190--190
\OT1/cmr/m/n/9 sadgarna
 []


Underfull \hbox (badness 10000) in paragraph at lines 191--191
[]\OT1/cmr/m/n/9 Shivarajkumar's
 []


Underfull \hbox (badness 10000) in paragraph at lines 191--191
\OT1/cmr/m/n/9 Belli cut by 13
 []


Underfull \hbox (badness 10000) in paragraph at lines 192--192
[]\OT1/cmr/m/n/9 sachin ten-
 []

Missing character: There is no Ã in font cmr9!
Missing character: There is no ¢ in font cmr9!
Missing character: There is no Ã in font cmr9!
Missing character: There is no ¢ in font cmr9!

Underfull \hbox (badness 10000) in paragraph at lines 195--195
[]\OT1/cmr/m/n/9 Celebrated movie
 []

Missing character: There is no Ã in font cmr9!
Missing character: There is no ¢ in font cmr9!

Underfull \hbox (badness 10000) in paragraph at lines 196--196
[]\OT1/cmr/m/n/9 sharmila
 []


Overfull \hbox (20.58757pt too wide) in paragraph at lines 174--198
 [] 
 []


LaTeX Warning: Float too large for page by 128.29987pt on input line 199.


Underfull \hbox (badness 10000) in paragraph at lines 206--206
[]\OT1/cmr/bx/n/9 Predicted
 []


Underfull \hbox (badness 10000) in paragraph at lines 208--208
\OT1/cmr/m/n/9 Free On-line An-i-
 []


Underfull \hbox (badness 10000) in paragraph at lines 209--209
\OT1/cmr/m/n/9 Marathi: In-draneil
 []


Underfull \hbox (badness 10000) in paragraph at lines 210--210
\OT1/cmr/m/n/9 on-line, pro-ducer
 []

Missing character: There is no Ã in font cmr9!
Missing character: There is no ¢ in font cmr9!
Missing character: There is no Ã in font cmr9!
Missing character: There is no ¢ in font cmr9!

Underfull \hbox (badness 3009) in paragraph at lines 211--211
[]\OT1/cmr/m/n/9 Court ac-tress Gee-
 []


Underfull \hbox (badness 6047) in paragraph at lines 211--211
\OT1/cmr/m/n/9 tan-jali Kulka-rni: I
 []


Underfull \hbox (badness 10000) in paragraph at lines 211--211
\OT1/cmr/m/n/9 ap-pre-ci-ate ex-per-i-
 []

Missing character: There is no Ã in font cmr9!
Missing character: There is no ¢ in font cmr9!
Missing character: There is no Ã in font cmr9!
Missing character: There is no ¢ in font cmr9!

Underfull \hbox (badness 3907) in paragraph at lines 213--213
[]\OT1/cmr/m/n/9 New Gan-pati song
 []


Underfull \hbox (badness 10000) in paragraph at lines 214--214
[]\OT1/cmr/m/n/9 Mohan Joshi is
 []


Underfull \hbox (badness 10000) in paragraph at lines 215--215
[]\OT1/cmr/m/n/9 Sena slams BJP
 []


Underfull \hbox (badness 10000) in paragraph at lines 215--215
\OT1/cmr/m/n/9 down 'prime-time'
 []


Underfull \hbox (badness 10000) in paragraph at lines 215--215
[]\OT1/cmr/m/n/9 sena slams
 []


Underfull \hbox (badness 10000) in paragraph at lines 216--216
[]\OT1/cmr/m/n/9 Hollywood en-ters
 []


Underfull \hbox (badness 10000) in paragraph at lines 219--219
[]\OT1/cmr/m/n/9 Mahesh Man-jrekar
 []

Missing character: There is no Ã in font cmr9!
Missing character: There is no ¢ in font cmr9!

Underfull \hbox (badness 10000) in paragraph at lines 222--222
[]\OT1/cmr/m/n/9 Sonali to por-tray
 []


Underfull \hbox (badness 10000) in paragraph at lines 224--224
[]\OT1/cmr/m/n/9 Sadashiv Am-ra-
 []


Underfull \hbox (badness 10000) in paragraph at lines 224--224
\OT1/cmr/m/n/9 purkar was born
 []


Underfull \hbox (badness 6995) in paragraph at lines 224--224
\OT1/cmr/m/n/9 as Ganesh Ku-mar
 []


Underfull \hbox (badness 10000) in paragraph at lines 226--226
[]\OT1/cmr/m/n/9 Sunny Leone and
 []


Underfull \hbox (badness 10000) in paragraph at lines 226--226
\OT1/cmr/m/n/9 Ad-i-nath Kothare
 []


Overfull \hbox (20.58757pt too wide) in paragraph at lines 204--229
 [] 
 []


LaTeX Warning: Float too large for page by 60.79987pt on input line 230.


Underfull \hbox (badness 10000) in paragraph at lines 238--238
[]\OT1/cmr/bx/n/9 Predicted
 []


Underfull \hbox (badness 10000) in paragraph at lines 239--239
[]\OT1/cmr/m/n/9 Celebs strive for
 []


Underfull \hbox (badness 1755) in paragraph at lines 239--239
\OT1/cmr/m/n/9 qual-ity fam-ily time
 []


Underfull \hbox (badness 1163) in paragraph at lines 240--240
\OT1/cmr/m/n/9 Bho-jpuri songs will
 []

Missing character: There is no Ã in font cmr9!
Missing character: There is no ¢ in font cmr9!

Underfull \hbox (badness 6625) in paragraph at lines 241--241
[]\OT1/cmr/m/n/9 rani chat-ter-
 []

Missing character: There is no Ã in font cmr9!
Missing character: There is no ¢ in font cmr9!
Missing character: There is no Ã in font cmr9!
Missing character: There is no ¢ in font cmr9!

Underfull \hbox (badness 1675) in paragraph at lines 242--242
[]\OT1/cmr/m/n/9 Hogi Pyar Ki Jeet
 []


Underfull \hbox (badness 2150) in paragraph at lines 242--242
[]\OT1/cmr/m/n/9 hogi pyar ki
 []

Missing character: There is no Ã in font cmr9!
Missing character: There is no ¢ in font cmr9!
Missing character: There is no Ã in font cmr9!
Missing character: There is no ¢ in font cmr9!

Underfull \hbox (badness 10000) in paragraph at lines 243--243
[]\OT1/cmr/m/n/9 Injured Shubhi
 []


Underfull \hbox (badness 10000) in paragraph at lines 243--243
[]\OT1/cmr/m/n/9 shubhi
 []

Missing character: There is no Ã in font cmr9!
Missing character: There is no ¢ in font cmr9!
Missing character: There is no Ã in font cmr9!
Missing character: There is no ¢ in font cmr9!

Underfull \hbox (badness 4981) in paragraph at lines 244--244
[]\OT1/cmr/m/n/9 Poonam Dubey to
 []


Underfull \hbox (badness 10000) in paragraph at lines 244--244
[]\OT1/cmr/m/n/9 poonam
 []

Missing character: There is no Ã in font cmr9!
Missing character: There is no ¢ in font cmr9!

Underfull \hbox (badness 10000) in paragraph at lines 246--246
[]\OT1/cmr/m/n/9 Veteran Gu-jarati
 []


Underfull \hbox (badness 10000) in paragraph at lines 246--246
\OT1/cmr/m/n/9 ac-tress Pad-marani
 []


Underfull \hbox (badness 10000) in paragraph at lines 248--248
[]\OT1/cmr/m/n/9 Gujarati the-atre
 []


Underfull \hbox (badness 4001) in paragraph at lines 250--250
\OT1/cmr/m/n/9 keted bet-ter: Anu-
 []


Underfull \hbox (badness 10000) in paragraph at lines 251--251
[]\OT1/cmr/m/n/9 Bhoomi, Samir,
 []


Underfull \hbox (badness 10000) in paragraph at lines 251--251
\OT1/cmr/m/n/9 Mana bond over
 []

Missing character: There is no Ã in font cmr9!
Missing character: There is no ¢ in font cmr9!
Missing character: There is no Ã in font cmr9!
Missing character: There is no ¢ in font cmr9!

Underfull \hbox (badness 7981) in paragraph at lines 255--255
[]\OT1/cmr/m/n/9 Music in Gu-jarati
 []


Underfull \hbox (badness 1769) in paragraph at lines 255--255
\OT1/cmr/m/n/9 films a largely un-
 []


Underfull \hbox (badness 10000) in paragraph at lines 255--255
\OT1/cmr/m/n/9 tapped mar-ket:
 []


Underfull \hbox (badness 2529) in paragraph at lines 256--256
\OT1/cmr/m/n/9 of work-ing in Gu-
 []


Underfull \hbox (badness 2302) in paragraph at lines 256--256
[]\OT1/cmr/m/n/9 upasna singh
 []


Overfull \hbox (20.58757pt too wide) in paragraph at lines 236--259
 [] 
 []


LaTeX Warning: Float too large for page by 92.99988pt on input line 260.


Underfull \hbox (badness 10000) in paragraph at lines 267--267
[]\OT1/cmr/bx/n/9 Predicted
 []


Underfull \hbox (badness 1810) in paragraph at lines 268--268
\OT1/cmr/m/n/9 now: Naishadh Pu-
 []


Underfull \hbox (badness 3302) in paragraph at lines 268--268
[]\OT1/cmr/m/n/9 naishadg pu-
 []


Underfull \hbox (badness 10000) in paragraph at lines 269--269
[]\OT1/cmr/m/n/9 Sunburn Reload:
 []


Underfull \hbox (badness 10000) in paragraph at lines 269--269
\OT1/cmr/m/n/9 EDM Fest floors
 []


Underfull \hbox (badness 10000) in paragraph at lines 269--269
[]\OT1/cmr/m/n/9 sunburn
 []


Underfull \hbox (badness 6691) in paragraph at lines 272--272
[]\OT1/cmr/m/n/9 Vadodara has his-
 []


Underfull \hbox (badness 2065) in paragraph at lines 272--272
\OT1/cmr/m/n/9 tor-i-cal char-ac-ter in
 []


Underfull \hbox (badness 10000) in paragraph at lines 272--272
\OT1/cmr/m/n/9 abun-dance: Tushar
 []


Underfull \hbox (badness 10000) in paragraph at lines 273--273
[]\OT1/cmr/m/n/9 Chandan Rathod
 []


Underfull \hbox (badness 1622) in paragraph at lines 273--273
\OT1/cmr/m/n/9 and Preet Mu-lani's
 []


Underfull \hbox (badness 10000) in paragraph at lines 273--273
[]\OT1/cmr/m/n/9 chandan
 []


Underfull \hbox (badness 7558) in paragraph at lines 274--274
[]\OT1/cmr/m/n/9 My first girl-friend
 []


Underfull \hbox (badness 10000) in paragraph at lines 274--274
\OT1/cmr/m/n/9 was a Gu-jarati:
 []


Underfull \hbox (badness 4913) in paragraph at lines 275--275
[]\OT1/cmr/m/n/9 My en-tire life re-
 []


Underfull \hbox (badness 10000) in paragraph at lines 275--275
\OT1/cmr/m/n/9 volves around my
 []


Underfull \hbox (badness 1521) in paragraph at lines 276--276
\OT1/cmr/m/n/9 be re-leased in Gu-
 []


Underfull \hbox (badness 5726) in paragraph at lines 276--276
[]\OT1/cmr/m/n/9 lions of gu-
 []


Underfull \hbox (badness 1412) in paragraph at lines 278--278
[]\OT1/cmr/m/n/9 A hap-pen-ing Xmas
 []


Underfull \hbox (badness 10000) in paragraph at lines 278--278
[]\OT1/cmr/m/n/9 happenung
 []

Missing character: There is no Ã in font cmr9!
Missing character: There is no ¢ in font cmr9!
Missing character: There is no Ã in font cmr9!
Missing character: There is no ¢ in font cmr9!

Underfull \hbox (badness 10000) in paragraph at lines 279--279
[]\OT1/cmr/m/n/9 Hyderabad gets a
 []


Underfull \hbox (badness 7631) in paragraph at lines 279--279
\OT1/cmr/m/n/9 taste of Sub-ra-ma-
 []


Underfull \hbox (badness 3701) in paragraph at lines 280--280
\OT1/cmr/m/n/9 e-bra-tion in Hy-der-
 []


Underfull \hbox (badness 10000) in paragraph at lines 281--281
[]\OT1/cmr/m/n/9 When met-al-heads
 []


Underfull \hbox (badness 10000) in paragraph at lines 281--281
\OT1/cmr/m/n/9 had a blast in
 []


Underfull \hbox (badness 5260) in paragraph at lines 282--282
[]\OT1/cmr/m/n/9 We love hand-spun
 []


Underfull \hbox (badness 1728) in paragraph at lines 283--283
[]\OT1/cmr/m/n/9 Sherry Javeri hosts
 []


Underfull \hbox (badness 2261) in paragraph at lines 283--283
\OT1/cmr/m/n/9 a din-ner party for
 []


Underfull \hbox (badness 10000) in paragraph at lines 284--284
[]\OT1/cmr/m/n/9 Mallika Sarab-hai's
 []


Underfull \hbox (badness 10000) in paragraph at lines 284--284
\OT1/cmr/m/n/9 multi-media dance-
 []


Overfull \hbox (20.58757pt too wide) in paragraph at lines 265--286
 [] 
 []


LaTeX Warning: Float too large for page by 48.59988pt on input line 287.


Underfull \hbox (badness 10000) in paragraph at lines 295--295
[]\OT1/cmr/bx/n/9 Predicted
 []


Underfull \hbox (badness 10000) in paragraph at lines 299--299
\OT1/cmr/m/n/9 opens its sev-enth
 []


Underfull \hbox (badness 2376) in paragraph at lines 299--299
[]\OT1/cmr/m/n/9 sahwney mo-
 []


Underfull \hbox (badness 3954) in paragraph at lines 300--300
\OT1/cmr/m/n/9 ITC Grand Chola,
 []


Underfull \hbox (badness 1264) in paragraph at lines 301--301
[]\OT1/cmr/m/n/9 Manju War-rier and
 []


Underfull \hbox (badness 2103) in paragraph at lines 301--301
\OT1/cmr/m/n/9 Ran-jith at a book
 []


Underfull \hbox (badness 1558) in paragraph at lines 304--304
[]\OT1/cmr/m/n/9 Santa comes in an
 []


Underfull \hbox (badness 10000) in paragraph at lines 305--305
[]\OT1/cmr/m/n/9 Isha Shar-vani
 []


Underfull \hbox (badness 5302) in paragraph at lines 305--305
\OT1/cmr/m/n/9 dressed to the at
 []


Underfull \hbox (badness 10000) in paragraph at lines 306--306
[]\OT1/cmr/m/n/9 Actress Rachana
 []


Underfull \hbox (badness 10000) in paragraph at lines 306--306
\OT1/cmr/m/n/9 Narayanankutty
 []


Underfull \hbox (badness 10000) in paragraph at lines 306--306
\OT1/cmr/m/n/9 spot-ted at the
 []


Underfull \hbox (badness 10000) in paragraph at lines 306--306
\OT1/cmr/m/n/9 pooja func-tion of
 []


Underfull \hbox (badness 1292) in paragraph at lines 306--306
\OT1/cmr/m/n/9 Thilothama held in
 []


Underfull \hbox (badness 4108) in paragraph at lines 307--307
[]\OT1/cmr/m/n/9 Actress Tarushi at
 []


Underfull \hbox (badness 10000) in paragraph at lines 307--307
\OT1/cmr/m/n/9 the pro-mo-tional
 []


Underfull \hbox (badness 6961) in paragraph at lines 307--307
\OT1/cmr/m/n/9 event of her film
 []


Underfull \hbox (badness 10000) in paragraph at lines 307--307
\OT1/cmr/m/n/9 Study Tour, in
 []


Underfull \hbox (badness 10000) in paragraph at lines 307--307
[]\OT1/cmr/m/n/9 actress
 []


Overfull \hbox (20.58757pt too wide) in paragraph at lines 293--309
 [] 
 []

[9] [10] [11] [12] [13] [14]
(C:\Users\smajeti\AppData\Roaming\MiKTeX\2.9\tex\latex\listings\lstlang1.sty
File: lstlang1.sty 2015/06/04 1.6 listings language file
)
(Z:\coursework\cs532\a9Edited\final-tex\src/docclass.py
LaTeX Font Info:    Font shape `OMS/cmr/m/n' in size <9> not available
(Font)              Font shape `OMS/cmsy/m/n' tried instead on input line 6.
LaTeX Font Info:    Try loading font information for OML+cmr on input line 9.

("C:\Program Files (x86)\MiKTeX 2.9\tex\latex\base\omlcmr.fd"
File: omlcmr.fd 1999/05/25 v2.5h Standard LaTeX font definitions
)
LaTeX Font Info:    Font shape `OML/cmr/m/n' in size <9> not available
(Font)              Font shape `OML/cmm/m/it' tried instead on input line 9.
 [15] [16]
[17]) [18] (Z:\coursework\cs532\a9Edited\final-tex\src/feedfilter1.py) [19]
(Z:\coursework\cs532\a9Edited\final-tex\src/feedfilter2.py [20]) [21]
(Z:\coursework\cs532\a9Edited\final-tex\src/classifyEntries.py)) [22]
(Z:\coursework\cs532\a9Edited\final-tex\question-3.tex
Chapter 3.

Underfull \hbox (badness 10000) in paragraph at lines 4--5

 []


Underfull \hbox (badness 10000) in paragraph at lines 4--5

 []


Overfull \hbox (0.7442pt too wide) in paragraph at lines 18--18
[]\OT1/cmr/m/n/9 malayalam| 
 []


Overfull \hbox (2.12344pt too wide) in paragraph at lines 18--18
[]\OT1/cmr/m/n/9 punjabi| 
 []


Overfull \hbox (0.56488pt too wide) in paragraph at lines 18--18
[]\OT1/cmr/m/n/9 bhojpuri| 
 []


Overfull \hbox (0.58525pt too wide) in paragraph at lines 18--18
[]\OT1/cmr/m/n/9 bengali| 
 []


Overfull \hbox (135.63622pt too wide) in paragraph at lines 15--24
 [] 
 []


Overfull \hbox (0.7442pt too wide) in paragraph at lines 44--44
[]\OT1/cmr/m/n/9 malayalam| 
 []

) [23




] [24] (Z:\coursework\cs532\a9Edited\final-tex\main.bbl)
Package atveryend Info: Empty hook `BeforeClearDocument' on input line 51.
 [25





]
Package atveryend Info: Empty hook `AfterLastShipout' on input line 51.

(Z:\coursework\cs532\a9Edited\final-tex\main.aux
(Z:\coursework\cs532\a9Edited\final-tex\question-1.aux)
(Z:\coursework\cs532\a9Edited\final-tex\question-2.aux)
(Z:\coursework\cs532\a9Edited\final-tex\question-3.aux))
Package atveryend Info: Executing hook `AtVeryEndDocument' on input line 51.
Package atveryend Info: Executing hook `AtEndAfterFileList' on input line 51.
Package rerunfilecheck Info: File `main.out' has not changed.
(rerunfilecheck)             Checksum: D2151FFE662CCAB044C0F35A8A8EE21F;185.


LaTeX Warning: There were multiply-defined labels.

Package atveryend Info: Empty hook `AtVeryVeryEnd' on input line 51.
 ) 
Here is how much of TeX's memory you used:
 8978 strings out of 493921
 132336 string characters out of 3144870
 377268 words of memory out of 3000000
 11806 multiletter control sequences out of 15000+200000
 11070 words of font info for 43 fonts, out of 3000000 for 9000
 841 hyphenation exceptions out of 8191
 36i,11n,45p,453b,1919s stack positions out of 5000i,500n,10000p,200000b,50000s
<C:/Program Files (x86)/MiKTeX 2.9/fonts/type1/public/amsfonts/cm/cmbx10.pfb>
<C:/Program Files (x86)/MiKTeX 2.9/fonts/type1/public/amsfonts/cm/cmbx12.pfb><C
:/Program Files (x86)/MiKTeX 2.9/fonts/type1/public/amsfonts/cm/cmbx9.pfb><C:/P
rogram Files (x86)/MiKTeX 2.9/fonts/type1/public/amsfonts/cm/cmmi9.pfb><C:/Prog
ram Files (x86)/MiKTeX 2.9/fonts/type1/public/amsfonts/cm/cmr10.pfb><C:/Program
 Files (x86)/MiKTeX 2.9/fonts/type1/public/amsfonts/cm/cmr12.pfb><C:/Program Fi
les (x86)/MiKTeX 2.9/fonts/type1/public/amsfonts/cm/cmr17.pfb><C:/Program Files
 (x86)/MiKTeX 2.9/fonts/type1/public/amsfonts/cm/cmr9.pfb><C:/Program Files (x8
6)/MiKTeX 2.9/fonts/type1/public/amsfonts/cm/cmsy10.pfb><C:/Program Files (x86)
/MiKTeX 2.9/fonts/type1/public/amsfonts/cm/cmsy9.pfb><C:/Program Files (x86)/Mi
KTeX 2.9/fonts/type1/public/amsfonts/cm/cmti9.pfb><C:/Program Files (x86)/MiKTe
X 2.9/fonts/type1/public/amsfonts/cm/cmtt9.pfb>
Output written on main.pdf (29 pages, 306553 bytes).
PDF statistics:
 620 PDF objects out of 1000 (max. 8388607)
 315 named destinations out of 1000 (max. 500000)
 33 words of extra memory for PDF output out of 10000 (max. 10000000)

