This is pdfTeX, Version 3.1415926-2.5-1.40.14 (MiKTeX 2.9) (preloaded format=pdflatex 2016.3.2)  3 MAR 2016 02:19
entering extended mode
**main.tex
(Z:\coursework\cs532\a5\final-tex\main.tex
LaTeX2e <2011/06/27>
Babel <v3.8m> and hyphenation patterns for english, afrikaans, ancientgreek, ar
abic, armenian, assamese, basque, bengali, bokmal, bulgarian, catalan, coptic, 
croatian, czech, danish, dutch, esperanto, estonian, farsi, finnish, french, ga
lician, german, german-x-2013-05-26, greek, gujarati, hindi, hungarian, iceland
ic, indonesian, interlingua, irish, italian, kannada, kurmanji, latin, latvian,
 lithuanian, malayalam, marathi, mongolian, mongolianlmc, monogreek, ngerman, n
german-x-2013-05-26, nynorsk, oriya, panjabi, pinyin, polish, portuguese, roman
ian, russian, sanskrit, serbian, slovak, slovenian, spanish, swedish, swissgerm
an, tamil, telugu, turkish, turkmen, ukenglish, ukrainian, uppersorbian, usengl
ishmax, welsh, loaded.
(Z:\coursework\cs532\a5\final-tex\svmono.cls
Document Class: svmono 2006/10/31 v4.17 
Springer Verlag global LaTeX document class for monographs
Class Springer-SVMono Info: extra/valid Springer sub-package 
(Springer-SVMono)           not found in option list - using "global" style.
("C:\Program Files (x86)\MiKTeX 2.9\tex\latex\base\article.cls"
Document Class: article 2007/10/19 v1.4h Standard LaTeX document class
("C:\Program Files (x86)\MiKTeX 2.9\tex\latex\base\size10.clo"
File: size10.clo 2007/10/19 v1.4h Standard LaTeX file (size option)
)
\c@part=\count79
\c@section=\count80
\c@subsection=\count81
\c@subsubsection=\count82
\c@paragraph=\count83
\c@subparagraph=\count84
\c@figure=\count85
\c@table=\count86
\abovecaptionskip=\skip41
\belowcaptionskip=\skip42
\bibindent=\dimen102
)
\betweenumberspace=\dimen103
\headlineindent=\dimen104
\c@chapter=\count87
\chapstarthookwidth=\dimen105
\svitemindent=\dimen106
\verbatimindent=\dimen107
LaTeX Font Info:    Redeclaring math symbol \Gamma on input line 633.
LaTeX Font Info:    Redeclaring math symbol \Delta on input line 634.
LaTeX Font Info:    Redeclaring math symbol \Theta on input line 635.
LaTeX Font Info:    Redeclaring math symbol \Lambda on input line 636.
LaTeX Font Info:    Redeclaring math symbol \Xi on input line 637.
LaTeX Font Info:    Redeclaring math symbol \Pi on input line 638.
LaTeX Font Info:    Redeclaring math symbol \Sigma on input line 639.
LaTeX Font Info:    Redeclaring math symbol \Upsilon on input line 640.
LaTeX Font Info:    Redeclaring math symbol \Phi on input line 641.
LaTeX Font Info:    Redeclaring math symbol \Psi on input line 642.
LaTeX Font Info:    Redeclaring math symbol \Omega on input line 643.
\tocchpnum=\dimen108
\tocsecnum=\dimen109
\tocsectotal=\dimen110
\tocsubsecnum=\dimen111
\tocsubsectotal=\dimen112
\tocsubsubsecnum=\dimen113
\tocsubsubsectotal=\dimen114
\tocparanum=\dimen115
\tocparatotal=\dimen116
\tocsubparanum=\dimen117
\foot@parindent=\dimen118
\spthmsep=\dimen119
\c@theorem=\count88
\c@prob=\count89
\instindent=\dimen120
\figgap=\dimen121
\figcapgap=\dimen122
\tabcapgap=\dimen123
\c@merk=\count90
)
("C:\Program Files (x86)\MiKTeX 2.9\tex\latex\base\makeidx.sty"
Package: makeidx 2000/03/29 v1.0m Standard LaTeX package
)
("C:\Program Files (x86)\MiKTeX 2.9\tex\latex\graphics\graphicx.sty"
Package: graphicx 1999/02/16 v1.0f Enhanced LaTeX Graphics (DPC,SPQR)

("C:\Program Files (x86)\MiKTeX 2.9\tex\latex\graphics\keyval.sty"
Package: keyval 1999/03/16 v1.13 key=value parser (DPC)
\KV@toks@=\toks14
)
("C:\Program Files (x86)\MiKTeX 2.9\tex\latex\graphics\graphics.sty"
Package: graphics 2009/02/05 v1.0o Standard LaTeX Graphics (DPC,SPQR)

("C:\Program Files (x86)\MiKTeX 2.9\tex\latex\graphics\trig.sty"
Package: trig 1999/03/16 v1.09 sin cos tan (DPC)
)
("C:\Program Files (x86)\MiKTeX 2.9\tex\latex\00miktex\graphics.cfg"
File: graphics.cfg 2007/01/18 v1.5 graphics configuration of teTeX/TeXLive
)
Package graphics Info: Driver file: pdftex.def on input line 91.

("C:\Program Files (x86)\MiKTeX 2.9\tex\latex\pdftex-def\pdftex.def"
File: pdftex.def 2011/05/27 v0.06d Graphics/color for pdfTeX

("C:\Program Files (x86)\MiKTeX 2.9\tex\generic\oberdiek\infwarerr.sty"
Package: infwarerr 2010/04/08 v1.3 Providing info/warning/error messages (HO)
)
("C:\Program Files (x86)\MiKTeX 2.9\tex\generic\oberdiek\ltxcmds.sty"
Package: ltxcmds 2011/11/09 v1.22 LaTeX kernel commands for general use (HO)
)
\Gread@gobject=\count91
))
\Gin@req@height=\dimen124
\Gin@req@width=\dimen125
)
("C:\Program Files (x86)\MiKTeX 2.9\tex\latex\tools\multicol.sty"
Package: multicol 2011/06/27 v1.7a multicolumn formatting (FMi)
\c@tracingmulticols=\count92
\mult@box=\box26
\multicol@leftmargin=\dimen126
\c@unbalance=\count93
\c@collectmore=\count94
\doublecol@number=\count95
\multicoltolerance=\count96
\multicolpretolerance=\count97
\full@width=\dimen127
\page@free=\dimen128
\premulticols=\dimen129
\postmulticols=\dimen130
\multicolsep=\skip43
\multicolbaselineskip=\skip44
\partial@page=\box27
\last@line=\box28
\mult@rightbox=\box29
\mult@grightbox=\box30
\mult@gfirstbox=\box31
\mult@firstbox=\box32
\@tempa=\box33
\@tempa=\box34
\@tempa=\box35
\@tempa=\box36
\@tempa=\box37
\@tempa=\box38
\@tempa=\box39
\@tempa=\box40
\@tempa=\box41
\@tempa=\box42
\@tempa=\box43
\@tempa=\box44
\@tempa=\box45
\@tempa=\box46
\@tempa=\box47
\@tempa=\box48
\@tempa=\box49
\c@columnbadness=\count98
\c@finalcolumnbadness=\count99
\last@try=\dimen131
\multicolovershoot=\dimen132
\multicolundershoot=\dimen133
\mult@nat@firstbox=\box50
\colbreak@box=\box51
\multicol@sort@counter=\count100
)
(C:\Users\smajeti\AppData\Roaming\MiKTeX\2.9\tex\latex\footmisc\footmisc.sty
Package: footmisc 2011/06/06 v5.5b a miscellany of footnote facilities
\FN@temptoken=\toks15
\footnotemargin=\dimen134
\c@pp@next@reset=\count101
Package footmisc Info: Declaring symbol style bringhurst on input line 855.
Package footmisc Info: Declaring symbol style chicago on input line 863.
Package footmisc Info: Declaring symbol style wiley on input line 872.
Package footmisc Info: Declaring symbol style lamport-robust on input line 883.

Package footmisc Info: Declaring symbol style lamport* on input line 903.
Package footmisc Info: Declaring symbol style lamport*-robust on input line 924
.
)
(C:\Users\smajeti\AppData\Roaming\MiKTeX\2.9\tex\latex\wrapfig\wrapfig.sty
\wrapoverhang=\dimen135
\WF@size=\dimen136
\c@WF@wrappedlines=\count102
\WF@box=\box52
\WF@everypar=\toks16
Package: wrapfig 2003/01/31  v 3.6
)
("C:\Program Files (x86)\MiKTeX 2.9\tex\latex\graphics\color.sty"
Package: color 2005/11/14 v1.0j Standard LaTeX Color (DPC)

("C:\Program Files (x86)\MiKTeX 2.9\tex\latex\00miktex\color.cfg"
File: color.cfg 2007/01/18 v1.5 color configuration of teTeX/TeXLive
)
Package color Info: Driver file: pdftex.def on input line 130.
)
(C:\Users\smajeti\AppData\Roaming\MiKTeX\2.9\tex\latex\fancyvrb\fancyvrb.sty
Package: fancyvrb 2008/02/07

Style option: `fancyvrb' v2.7a, with DG/SPQR fixes, and firstline=lastline fix 
<2008/02/07> (tvz)
\FV@CodeLineNo=\count103
\FV@InFile=\read1
\FV@TabBox=\box53
\c@FancyVerbLine=\count104
\FV@StepNumber=\count105
\FV@OutFile=\write3
)
("C:\Program Files (x86)\MiKTeX 2.9\tex\latex\amsfonts\amssymb.sty"
Package: amssymb 2013/01/14 v3.01 AMS font symbols

("C:\Program Files (x86)\MiKTeX 2.9\tex\latex\amsfonts\amsfonts.sty"
Package: amsfonts 2013/01/14 v3.01 Basic AMSFonts support
\@emptytoks=\toks17
\symAMSa=\mathgroup4
\symAMSb=\mathgroup5
LaTeX Font Info:    Overwriting math alphabet `\mathfrak' in version `bold'
(Font)                  U/euf/m/n --> U/euf/b/n on input line 106.
))
(C:\Users\smajeti\AppData\Roaming\MiKTeX\2.9\tex\latex\listings\listings.sty
\lst@mode=\count106
\lst@gtempboxa=\box54
\lst@token=\toks18
\lst@length=\count107
\lst@currlwidth=\dimen137
\lst@column=\count108
\lst@pos=\count109
\lst@lostspace=\dimen138
\lst@width=\dimen139
\lst@newlines=\count110
\lst@lineno=\count111
\lst@maxwidth=\dimen140

(C:\Users\smajeti\AppData\Roaming\MiKTeX\2.9\tex\latex\listings\lstmisc.sty
File: lstmisc.sty 2015/06/04 1.6 (Carsten Heinz)
\c@lstnumber=\count112
\lst@skipnumbers=\count113
\lst@framebox=\box55
)
(C:\Users\smajeti\AppData\Roaming\MiKTeX\2.9\tex\latex\listings\listings.cfg
File: listings.cfg 2015/06/04 1.6 listings configuration
))
Package: listings 2015/06/04 1.6 (Carsten Heinz)

(C:\Users\smajeti\AppData\Roaming\MiKTeX\2.9\tex\latex\pdfpages\pdfpages.sty
Package: pdfpages 2015/09/18 v0.5d Insert pages of external PDF documents (AM)

("C:\Program Files (x86)\MiKTeX 2.9\tex\latex\base\ifthen.sty"
Package: ifthen 2001/05/26 v1.1c Standard LaTeX ifthen package (DPC)
)
("C:\Program Files (x86)\MiKTeX 2.9\tex\latex\tools\calc.sty"
Package: calc 2007/08/22 v4.3 Infix arithmetic (KKT,FJ)
\calc@Acount=\count114
\calc@Bcount=\count115
\calc@Adimen=\dimen141
\calc@Bdimen=\dimen142
\calc@Askip=\skip45
\calc@Bskip=\skip46
LaTeX Info: Redefining \setlength on input line 76.
LaTeX Info: Redefining \addtolength on input line 77.
\calc@Ccount=\count116
\calc@Cskip=\skip47
)
(C:\Users\smajeti\AppData\Roaming\MiKTeX\2.9\tex\latex\eso-pic\eso-pic.sty
Package: eso-pic 2015/07/21 v2.0g eso-pic (RN)

("C:\Program Files (x86)\MiKTeX 2.9\tex\generic\oberdiek\atbegshi.sty"
Package: atbegshi 2011/10/05 v1.16 At begin shipout hook (HO)

("C:\Program Files (x86)\MiKTeX 2.9\tex\generic\oberdiek\ifpdf.sty"
Package: ifpdf 2011/01/30 v2.3 Provides the ifpdf switch (HO)
Package ifpdf Info: pdfTeX in PDF mode is detected.
)))
\AM@pagewidth=\dimen143
\AM@pageheight=\dimen144

(C:\Users\smajeti\AppData\Roaming\MiKTeX\2.9\tex\latex\pdfpages\pppdftex.def
File: pppdftex.def 2015/09/18 v0.5d Pdfpages driver for pdfTeX (AM)
)
\AM@pagebox=\box56
\AM@toc@title=\toks19
\c@AM@survey=\count117
\AM@templatesizebox=\box57
)
(C:\Users\smajeti\AppData\Roaming\MiKTeX\2.9\tex\latex\breakurl\breakurl.sty
Package: breakurl 2013/04/10 v1.40 Breakable hyperref URLs

("C:\Program Files (x86)\MiKTeX 2.9\tex\latex\xkeyval\xkeyval.sty"
Package: xkeyval 2012/10/14 v2.6b package option processing (HA)

("C:\Program Files (x86)\MiKTeX 2.9\tex\generic\xkeyval\xkeyval.tex"
\XKV@toks=\toks20
\XKV@tempa@toks=\toks21
\XKV@depth=\count118
File: xkeyval.tex 2012/10/14 v2.6b key=value parser (HA)
))

Package breakurl Warning: You are using breakurl while processing via pdflatex.

(breakurl)                \burl will be just a synonym of \url.
(breakurl)                 on input line 48.

) (C:\Users\smajeti\AppData\Roaming\MiKTeX\2.9\tex\latex\url\url.sty
\Urlmuskip=\muskip10
Package: url 2013/09/16  ver 3.4  Verb mode for urls, etc.
)
("C:\Program Files (x86)\MiKTeX 2.9\tex\latex\hyperref\hyperref.sty"
Package: hyperref 2012/11/06 v6.83m Hypertext links for LaTeX

("C:\Program Files (x86)\MiKTeX 2.9\tex\generic\oberdiek\hobsub-hyperref.sty"
Package: hobsub-hyperref 2012/04/25 v1.12 Bundle oberdiek, subset hyperref (HO)


("C:\Program Files (x86)\MiKTeX 2.9\tex\generic\oberdiek\hobsub-generic.sty"
Package: hobsub-generic 2012/04/25 v1.12 Bundle oberdiek, subset generic (HO)
Package: hobsub 2012/04/25 v1.12 Construct package bundles (HO)
Package hobsub Info: Skipping package `infwarerr' (already loaded).
Package hobsub Info: Skipping package `ltxcmds' (already loaded).
Package: ifluatex 2010/03/01 v1.3 Provides the ifluatex switch (HO)
Package ifluatex Info: LuaTeX not detected.
Package: ifvtex 2010/03/01 v1.5 Detect VTeX and its facilities (HO)
Package ifvtex Info: VTeX not detected.
Package: intcalc 2007/09/27 v1.1 Expandable calculations with integers (HO)
Package hobsub Info: Skipping package `ifpdf' (already loaded).
Package: etexcmds 2011/02/16 v1.5 Avoid name clashes with e-TeX commands (HO)
Package etexcmds Info: Could not find \expanded.
(etexcmds)             That can mean that you are not using pdfTeX 1.50 or
(etexcmds)             that some package has redefined \expanded.
(etexcmds)             In the latter case, load this package earlier.
Package: kvsetkeys 2012/04/25 v1.16 Key value parser (HO)
Package: kvdefinekeys 2011/04/07 v1.3 Define keys (HO)
Package: pdftexcmds 2011/11/29 v0.20 Utility functions of pdfTeX for LuaTeX (HO
)
Package pdftexcmds Info: LuaTeX not detected.
Package pdftexcmds Info: \pdf@primitive is available.
Package pdftexcmds Info: \pdf@ifprimitive is available.
Package pdftexcmds Info: \pdfdraftmode found.
Package: pdfescape 2011/11/25 v1.13 Implements pdfTeX's escape features (HO)
Package: bigintcalc 2012/04/08 v1.3 Expandable calculations on big integers (HO
)
Package: bitset 2011/01/30 v1.1 Handle bit-vector datatype (HO)
Package: uniquecounter 2011/01/30 v1.2 Provide unlimited unique counter (HO)
)
Package hobsub Info: Skipping package `hobsub' (already loaded).
Package: letltxmacro 2010/09/02 v1.4 Let assignment for LaTeX macros (HO)
Package: hopatch 2011/06/24 v1.1 Wrapper for package hooks (HO)
Package: xcolor-patch 2011/01/30 xcolor patch
Package: atveryend 2011/06/30 v1.8 Hooks at the very end of document (HO)
Package atveryend Info: \enddocument detected (standard20110627).
Package hobsub Info: Skipping package `atbegshi' (already loaded).
Package: refcount 2011/10/16 v3.4 Data extraction from label references (HO)
Package: hycolor 2011/01/30 v1.7 Color options for hyperref/bookmark (HO)
)
("C:\Program Files (x86)\MiKTeX 2.9\tex\generic\ifxetex\ifxetex.sty"
Package: ifxetex 2010/09/12 v0.6 Provides ifxetex conditional
)
("C:\Program Files (x86)\MiKTeX 2.9\tex\latex\oberdiek\auxhook.sty"
Package: auxhook 2011/03/04 v1.3 Hooks for auxiliary files (HO)
)
("C:\Program Files (x86)\MiKTeX 2.9\tex\latex\oberdiek\kvoptions.sty"
Package: kvoptions 2011/06/30 v3.11 Key value format for package options (HO)
)
\@linkdim=\dimen145
\Hy@linkcounter=\count119
\Hy@pagecounter=\count120

("C:\Program Files (x86)\MiKTeX 2.9\tex\latex\hyperref\pd1enc.def"
File: pd1enc.def 2012/11/06 v6.83m Hyperref: PDFDocEncoding definition (HO)
)
\Hy@SavedSpaceFactor=\count121

("C:\Program Files (x86)\MiKTeX 2.9\tex\latex\00miktex\hyperref.cfg"
File: hyperref.cfg 2002/06/06 v1.2 hyperref configuration of TeXLive
)
Package hyperref Info: Hyper figures OFF on input line 4443.
Package hyperref Info: Link nesting OFF on input line 4448.
Package hyperref Info: Hyper index ON on input line 4451.
Package hyperref Info: Plain pages OFF on input line 4458.
Package hyperref Info: Backreferencing OFF on input line 4463.
Package hyperref Info: Implicit mode ON; LaTeX internals redefined.
Package hyperref Info: Bookmarks ON on input line 4688.
\c@Hy@tempcnt=\count122
LaTeX Info: Redefining \url on input line 5041.
\XeTeXLinkMargin=\dimen146
\Fld@menulength=\count123
\Field@Width=\dimen147
\Fld@charsize=\dimen148
Package hyperref Info: Hyper figures OFF on input line 6295.
Package hyperref Info: Link nesting OFF on input line 6300.
Package hyperref Info: Hyper index ON on input line 6303.
Package hyperref Info: backreferencing OFF on input line 6310.
Package hyperref Info: Link coloring OFF on input line 6315.
Package hyperref Info: Link coloring with OCG OFF on input line 6320.
Package hyperref Info: PDF/A mode OFF on input line 6325.
LaTeX Info: Redefining \ref on input line 6365.
LaTeX Info: Redefining \pageref on input line 6369.
\Hy@abspage=\count124
\c@Item=\count125
\c@Hfootnote=\count126
)

Package hyperref Message: Driver (autodetected): hpdftex.

("C:\Program Files (x86)\MiKTeX 2.9\tex\latex\hyperref\hpdftex.def"
File: hpdftex.def 2012/11/06 v6.83m Hyperref driver for pdfTeX
\Fld@listcount=\count127
\c@bookmark@seq@number=\count128

("C:\Program Files (x86)\MiKTeX 2.9\tex\latex\oberdiek\rerunfilecheck.sty"
Package: rerunfilecheck 2011/04/15 v1.7 Rerun checks for auxiliary files (HO)
Package uniquecounter Info: New unique counter `rerunfilecheck' on input line 2
82.
)
\Hy@SectionHShift=\skip48
)
("C:\Program Files (x86)\MiKTeX 2.9\tex\latex\hyperref\nameref.sty"
Package: nameref 2012/10/27 v2.43 Cross-referencing by name of section

("C:\Program Files (x86)\MiKTeX 2.9\tex\generic\oberdiek\gettitlestring.sty"
Package: gettitlestring 2010/12/03 v1.4 Cleanup title references (HO)
)
\c@section@level=\count129
)
(Z:\coursework\cs532\a5\final-tex\main.aux
(Z:\coursework\cs532\a5\final-tex\question-1.aux)
(Z:\coursework\cs532\a5\final-tex\question-2.aux))
LaTeX Font Info:    Checking defaults for OML/cmm/m/it on input line 20.
LaTeX Font Info:    ... okay on input line 20.
LaTeX Font Info:    Checking defaults for T1/cmr/m/n on input line 20.
LaTeX Font Info:    ... okay on input line 20.
LaTeX Font Info:    Checking defaults for OT1/cmr/m/n on input line 20.
LaTeX Font Info:    ... okay on input line 20.
LaTeX Font Info:    Checking defaults for OMS/cmsy/m/n on input line 20.
LaTeX Font Info:    ... okay on input line 20.
LaTeX Font Info:    Checking defaults for OMX/cmex/m/n on input line 20.
LaTeX Font Info:    ... okay on input line 20.
LaTeX Font Info:    Checking defaults for U/cmr/m/n on input line 20.
LaTeX Font Info:    ... okay on input line 20.
LaTeX Font Info:    Checking defaults for PD1/pdf/m/n on input line 20.
LaTeX Font Info:    ... okay on input line 20.

(C:\Users\smajeti\AppData\Roaming\MiKTeX\2.9\tex\context\base\supp-pdf.mkii
[Loading MPS to PDF converter (version 2006.09.02).]
\scratchcounter=\count130
\scratchdimen=\dimen149
\scratchbox=\box58
\nofMPsegments=\count131
\nofMParguments=\count132
\everyMPshowfont=\toks22
\MPscratchCnt=\count133
\MPscratchDim=\dimen150
\MPnumerator=\count134
\makeMPintoPDFobject=\count135
\everyMPtoPDFconversion=\toks23
)
\c@lstlisting=\count136
\AtBeginShipoutBox=\box59
 ("C:\Program Files (x86)\MiKTeX 2.9\tex\latex\oberdiek\pdflscape.sty"
Package: pdflscape 2008/08/11 v0.10 Display of landscape pages in PDF (HO)

("C:\Program Files (x86)\MiKTeX 2.9\tex\latex\graphics\lscape.sty"
Package: lscape 2000/10/22 v3.01 Landscape Pages (DPC)
)
Package pdflscape Info: Auto-detected driver: pdftex on input line 80.
)
Package hyperref Info: Link coloring OFF on input line 20.
LaTeX Info: Redefining \ref on input line 20.
LaTeX Info: Redefining \pageref on input line 20.
LaTeX Info: Redefining \nameref on input line 20.

(Z:\coursework\cs532\a5\final-tex\main.out)
(Z:\coursework\cs532\a5\final-tex\main.out)
\@outlinefile=\write4
 [1

{C:/ProgramData/MiKTeX/2.9/pdftex/config/pdftex.map}] [2


]
LaTeX Font Info:    Try loading font information for U+msa on input line 33.

("C:\Program Files (x86)\MiKTeX 2.9\tex\latex\amsfonts\umsa.fd"
File: umsa.fd 2013/01/14 v3.01 AMS symbols A
)
LaTeX Font Info:    Try loading font information for U+msb on input line 33.

("C:\Program Files (x86)\MiKTeX 2.9\tex\latex\amsfonts\umsb.fd"
File: umsb.fd 2013/01/14 v3.01 AMS symbols B
)
(Z:\coursework\cs532\a5\final-tex\main.toc)
\tf@toc=\write5
 [5


] [6


]
(Z:\coursework\cs532\a5\final-tex\question-1.tex
Chapter 1.

Overfull \hbox (5.74702pt too wide) in paragraph at lines 8--22
[]$\OT1/cmtt/m/n/10 http : / / www -[] personal . umich . edu / []ladamic / cou
rses / networks / si614w06 /$
 []


Overfull \hbox (57.74657pt too wide) in paragraph at lines 8--22
[]$\OT1/cmtt/m/n/10 http : / / clair . si . umich . edu / si767 / papers / Week
03 / Community / CommunityDetection .$
 []


Overfull \hbox (26.24684pt too wide) in paragraph at lines 8--22
[]$\OT1/cmtt/m/n/10 http : / / networkx . github . io / documentation / latest 
/ examples / graph / karate _$
 []


Overfull \hbox (5.24702pt too wide) in paragraph at lines 8--22
[]$\OT1/cmtt/m/n/10 http : / / nbviewer . ipython . org / url / courses . cit .
 cornell . edu / info6010 /$
 []


Overfull \hbox (22.99689pt too wide) in paragraph at lines 8--22
[]$\OT1/cmtt/m/n/10 http : / / stackoverflow . com / questions / 9471906 / what
 -[] are -[] the -[] differences -[]$
 []


Overfull \hbox (2.49707pt too wide) in paragraph at lines 8--22
$\OT1/cmtt/m/n/10 between -[] community -[] detection -[] algorithms -[] in -[]
 igraph / 9478989 # 9478989$[] 
 []


Overfull \hbox (27.74684pt too wide) in paragraph at lines 8--22
[]$\OT1/cmtt/m/n/10 http : / / stackoverflow . com / questions / 5822265 / are 
-[] there -[] implementations -[]$
 []


Overfull \hbox (26.24684pt too wide) in paragraph at lines 8--22
[]$\OT1/cmtt/m/n/10 https : / / snap . stanford . edu / snappy / doc / referenc
e / CommunityGirvanNewman .$
 []


Overfull \hbox (21.49689pt too wide) in paragraph at lines 8--22
[]$\OT1/cmtt/m/n/10 http : / / igraph . org / python / doc / igraph -[] pysrc .
 html # Graph . community _ edge _$
 []

pdfTeX warning (ext4): destination with the same identifier (name{page.1}) has 
been already used, duplicate ignored
<to be read again> 
                   \relax 
l.23 \newpage
              [1



]
LaTeX Font Info:    Try loading font information for OMS+cmr on input line 26.
 ("C:\Program Files (x86)\MiKTeX 2.9\tex\latex\base\omscmr.fd"
File: omscmr.fd 1999/05/25 v2.5h Standard LaTeX font definitions
)
LaTeX Font Info:    Font shape `OMS/cmr/m/n' in size <10> not available
(Font)              Font shape `OMS/cmsy/m/n' tried instead on input line 26.
pdfTeX warning (ext4): destination with the same identifier (name{page.2}) has 
been already used, duplicate ignored
<to be read again> 
                   \relax 
l.31 \newpage
              [2]
<figures/graphs/OriginalGraph.pdf, id=68, 602.25pt x 602.25pt>
File: figures/graphs/OriginalGraph.pdf Graphic file (type pdf)

<use figures/graphs/OriginalGraph.pdf>
Package pdftex.def Info: figures/graphs/OriginalGraph.pdf used on input line 35
.
(pdftex.def)             Requested size: 331.23851pt x 331.23851pt.
 [3 <Z:/coursework/cs532/a5/final-tex/figures/graphs/OriginalGraph.pdf>]
<figures/graphs/FactionGraph.pdf, id=85, 602.25pt x 602.25pt>
File: figures/graphs/FactionGraph.pdf Graphic file (type pdf)

<use figures/graphs/FactionGraph.pdf>
Package pdftex.def Info: figures/graphs/FactionGraph.pdf used on input line 43.

(pdftex.def)             Requested size: 331.23851pt x 331.23851pt.
 [4 <Z:/coursework/cs532/a5/final-tex/figures/graphs/FactionGraph.pdf>]
<figures/graphs/EdgeHighlightedGraph1.pdf, id=109, 602.25pt x 602.25pt>
File: figures/graphs/EdgeHighlightedGraph1.pdf Graphic file (type pdf)

<use figures/graphs/EdgeHighlightedGraph1.pdf>
Package pdftex.def Info: figures/graphs/EdgeHighlightedGraph1.pdf used on input
 line 53.
(pdftex.def)             Requested size: 331.23851pt x 331.23851pt.
 [5 <Z:/coursework/cs532/a5/final-tex/figures/graphs/EdgeHighlightedGraph1.pdf>
]
<figures/graphs/EdgeHighlightedGraph2.pdf, id=133, 602.25pt x 602.25pt>
File: figures/graphs/EdgeHighlightedGraph2.pdf Graphic file (type pdf)

<use figures/graphs/EdgeHighlightedGraph2.pdf>
Package pdftex.def Info: figures/graphs/EdgeHighlightedGraph2.pdf used on input
 line 61.
(pdftex.def)             Requested size: 331.23851pt x 331.23851pt.
 [6 <Z:/coursework/cs532/a5/final-tex/figures/graphs/EdgeHighlightedGraph2.pdf>
]
<figures/graphs/EdgeHighlightedGraph3.pdf, id=146, 602.25pt x 602.25pt>
File: figures/graphs/EdgeHighlightedGraph3.pdf Graphic file (type pdf)

<use figures/graphs/EdgeHighlightedGraph3.pdf>
Package pdftex.def Info: figures/graphs/EdgeHighlightedGraph3.pdf used on input
 line 69.
(pdftex.def)             Requested size: 331.23851pt x 331.23851pt.
 [7 <Z:/coursework/cs532/a5/final-tex/figures/graphs/EdgeHighlightedGraph3.pdf>
]
<figures/graphs/EdgeHighlightedGraph4.pdf, id=159, 602.25pt x 602.25pt>
File: figures/graphs/EdgeHighlightedGraph4.pdf Graphic file (type pdf)

<use figures/graphs/EdgeHighlightedGraph4.pdf>
Package pdftex.def Info: figures/graphs/EdgeHighlightedGraph4.pdf used on input
 line 77.
(pdftex.def)             Requested size: 331.23851pt x 331.23851pt.
 [8 <Z:/coursework/cs532/a5/final-tex/figures/graphs/EdgeHighlightedGraph4.pdf>
]
<figures/graphs/EdgeHighlightedGraph5.pdf, id=172, 602.25pt x 602.25pt>
File: figures/graphs/EdgeHighlightedGraph5.pdf Graphic file (type pdf)

<use figures/graphs/EdgeHighlightedGraph5.pdf>
Package pdftex.def Info: figures/graphs/EdgeHighlightedGraph5.pdf used on input
 line 85.
(pdftex.def)             Requested size: 331.23851pt x 331.23851pt.
 [9 <Z:/coursework/cs532/a5/final-tex/figures/graphs/EdgeHighlightedGraph5.pdf>
]
<figures/graphs/EdgeHighlightedGraph6.pdf, id=186, 602.25pt x 602.25pt>
File: figures/graphs/EdgeHighlightedGraph6.pdf Graphic file (type pdf)

<use figures/graphs/EdgeHighlightedGraph6.pdf>
Package pdftex.def Info: figures/graphs/EdgeHighlightedGraph6.pdf used on input
 line 93.
(pdftex.def)             Requested size: 331.23851pt x 331.23851pt.
 [10 <Z:/coursework/cs532/a5/final-tex/figures/graphs/EdgeHighlightedGraph6.pdf
>]
<figures/graphs/EdgeHighlightedGraph7.pdf, id=199, 602.25pt x 602.25pt>
File: figures/graphs/EdgeHighlightedGraph7.pdf Graphic file (type pdf)

<use figures/graphs/EdgeHighlightedGraph7.pdf>
Package pdftex.def Info: figures/graphs/EdgeHighlightedGraph7.pdf used on input
 line 101.
(pdftex.def)             Requested size: 331.23851pt x 331.23851pt.
 [11 <Z:/coursework/cs532/a5/final-tex/figures/graphs/EdgeHighlightedGraph7.pdf
>]
<figures/graphs/EdgeHighlightedGraph8.pdf, id=212, 602.25pt x 602.25pt>
File: figures/graphs/EdgeHighlightedGraph8.pdf Graphic file (type pdf)

<use figures/graphs/EdgeHighlightedGraph8.pdf>
Package pdftex.def Info: figures/graphs/EdgeHighlightedGraph8.pdf used on input
 line 109.
(pdftex.def)             Requested size: 331.23851pt x 331.23851pt.
 [12 <Z:/coursework/cs532/a5/final-tex/figures/graphs/EdgeHighlightedGraph8.pdf
>]
<figures/graphs/EdgeHighlightedGraph9.pdf, id=225, 602.25pt x 602.25pt>
File: figures/graphs/EdgeHighlightedGraph9.pdf Graphic file (type pdf)

<use figures/graphs/EdgeHighlightedGraph9.pdf>
Package pdftex.def Info: figures/graphs/EdgeHighlightedGraph9.pdf used on input
 line 117.
(pdftex.def)             Requested size: 331.23851pt x 331.23851pt.
 [13 <Z:/coursework/cs532/a5/final-tex/figures/graphs/EdgeHighlightedGraph9.pdf
>]
<figures/graphs/EdgeHighlightedGraph10.pdf, id=238, 602.25pt x 602.25pt>
File: figures/graphs/EdgeHighlightedGraph10.pdf Graphic file (type pdf)

<use figures/graphs/EdgeHighlightedGraph10.pdf>
Package pdftex.def Info: figures/graphs/EdgeHighlightedGraph10.pdf used on inpu
t line 125.
(pdftex.def)             Requested size: 331.23851pt x 331.23851pt.
 [14 <Z:/coursework/cs532/a5/final-tex/figures/graphs/EdgeHighlightedGraph10.pd
f>]
<figures/graphs/EdgeHighlightedGraph11.pdf, id=251, 602.25pt x 602.25pt>
File: figures/graphs/EdgeHighlightedGraph11.pdf Graphic file (type pdf)

<use figures/graphs/EdgeHighlightedGraph11.pdf>
Package pdftex.def Info: figures/graphs/EdgeHighlightedGraph11.pdf used on inpu
t line 133.
(pdftex.def)             Requested size: 331.23851pt x 331.23851pt.
 [15 <Z:/coursework/cs532/a5/final-tex/figures/graphs/EdgeHighlightedGraph11.pd
f>]
<figures/graphs/GraphWith2Groups.pdf, id=266, 602.25pt x 602.25pt>
File: figures/graphs/GraphWith2Groups.pdf Graphic file (type pdf)

<use figures/graphs/GraphWith2Groups.pdf>
Package pdftex.def Info: figures/graphs/GraphWith2Groups.pdf used on input line
 142.
(pdftex.def)             Requested size: 331.23851pt x 331.23851pt.
 [16 <Z:/coursework/cs532/a5/final-tex/figures/graphs/GraphWith2Groups.pdf>] [1
7]
(C:\Users\smajeti\AppData\Roaming\MiKTeX\2.9\tex\latex\listings\lstlang1.sty
File: lstlang1.sty 2015/06/04 1.6 listings language file
)
(Z:\coursework\cs532\a5\final-tex\src/girvanNewman.py
LaTeX Font Info:    Font shape `OMS/cmr/m/n' in size <9> not available
(Font)              Font shape `OMS/cmsy/m/n' tried instead on input line 1.
 [18]
LaTeX Font Info:    Try loading font information for OML+cmr on input line 62.

("C:\Program Files (x86)\MiKTeX 2.9\tex\latex\base\omlcmr.fd"
File: omlcmr.fd 1999/05/25 v2.5h Standard LaTeX font definitions
)
LaTeX Font Info:    Font shape `OML/cmr/m/n' in size <9> not available
(Font)              Font shape `OML/cmm/m/it' tried instead on input line 62.
)) [19]
(Z:\coursework\cs532\a5\final-tex\question-2.tex [20




]
Chapter 2.
[21] <figures/graphs/EdgeHighlightedGraph12.pdf, id=377, 602.25pt x 602.25pt>
File: figures/graphs/EdgeHighlightedGraph12.pdf Graphic file (type pdf)

<use figures/graphs/EdgeHighlightedGraph12.pdf>
Package pdftex.def Info: figures/graphs/EdgeHighlightedGraph12.pdf used on inpu
t line 12.
(pdftex.def)             Requested size: 331.23851pt x 331.23851pt.
 [22 <Z:/coursework/cs532/a5/final-tex/figures/graphs/EdgeHighlightedGraph12.pd
f>]
<figures/graphs/EdgeHighlightedGraph13.pdf, id=394, 602.25pt x 602.25pt>
File: figures/graphs/EdgeHighlightedGraph13.pdf Graphic file (type pdf)

<use figures/graphs/EdgeHighlightedGraph13.pdf>
Package pdftex.def Info: figures/graphs/EdgeHighlightedGraph13.pdf used on inpu
t line 20.
(pdftex.def)             Requested size: 331.23851pt x 331.23851pt.
 [23 <Z:/coursework/cs532/a5/final-tex/figures/graphs/EdgeHighlightedGraph13.pd
f>]
<figures/graphs/EdgeHighlightedGraph14.pdf, id=407, 602.25pt x 602.25pt>
File: figures/graphs/EdgeHighlightedGraph14.pdf Graphic file (type pdf)

<use figures/graphs/EdgeHighlightedGraph14.pdf>
Package pdftex.def Info: figures/graphs/EdgeHighlightedGraph14.pdf used on inpu
t line 28.
(pdftex.def)             Requested size: 331.23851pt x 331.23851pt.
 [24 <Z:/coursework/cs532/a5/final-tex/figures/graphs/EdgeHighlightedGraph14.pd
f>]
<figures/graphs/GraphWith3Groups.pdf, id=420, 602.25pt x 602.25pt>
File: figures/graphs/GraphWith3Groups.pdf Graphic file (type pdf)

<use figures/graphs/GraphWith3Groups.pdf>
Package pdftex.def Info: figures/graphs/GraphWith3Groups.pdf used on input line
 36.
(pdftex.def)             Requested size: 331.23851pt x 331.23851pt.
 [25 <Z:/coursework/cs532/a5/final-tex/figures/graphs/GraphWith3Groups.pdf>]
<figures/graphs/EdgeHighlightedGraph15.pdf, id=437, 602.25pt x 602.25pt>
File: figures/graphs/EdgeHighlightedGraph15.pdf Graphic file (type pdf)

<use figures/graphs/EdgeHighlightedGraph15.pdf>
Package pdftex.def Info: figures/graphs/EdgeHighlightedGraph15.pdf used on inpu
t line 45.
(pdftex.def)             Requested size: 331.23851pt x 331.23851pt.
 [26 <Z:/coursework/cs532/a5/final-tex/figures/graphs/EdgeHighlightedGraph15.pd
f>]
<figures/graphs/EdgeHighlightedGraph16.pdf, id=451, 602.25pt x 602.25pt>
File: figures/graphs/EdgeHighlightedGraph16.pdf Graphic file (type pdf)

<use figures/graphs/EdgeHighlightedGraph16.pdf>
Package pdftex.def Info: figures/graphs/EdgeHighlightedGraph16.pdf used on inpu
t line 53.
(pdftex.def)             Requested size: 331.23851pt x 331.23851pt.
 [27 <Z:/coursework/cs532/a5/final-tex/figures/graphs/EdgeHighlightedGraph16.pd
f>]
<figures/graphs/GraphWith4Groups.pdf, id=466, 602.25pt x 602.25pt>
File: figures/graphs/GraphWith4Groups.pdf Graphic file (type pdf)

<use figures/graphs/GraphWith4Groups.pdf>
Package pdftex.def Info: figures/graphs/GraphWith4Groups.pdf used on input line
 61.
(pdftex.def)             Requested size: 331.23851pt x 331.23851pt.
 [28 <Z:/coursework/cs532/a5/final-tex/figures/graphs/GraphWith4Groups.pdf>]
<figures/graphs/EdgeHighlightedGraph17.pdf, id=484, 602.25pt x 602.25pt>
File: figures/graphs/EdgeHighlightedGraph17.pdf Graphic file (type pdf)

<use figures/graphs/EdgeHighlightedGraph17.pdf>
Package pdftex.def Info: figures/graphs/EdgeHighlightedGraph17.pdf used on inpu
t line 70.
(pdftex.def)             Requested size: 331.23851pt x 331.23851pt.
 [29 <Z:/coursework/cs532/a5/final-tex/figures/graphs/EdgeHighlightedGraph17.pd
f>]
<figures/graphs/EdgeHighlightedGraph18.pdf, id=498, 602.25pt x 602.25pt>
File: figures/graphs/EdgeHighlightedGraph18.pdf Graphic file (type pdf)

<use figures/graphs/EdgeHighlightedGraph18.pdf>
Package pdftex.def Info: figures/graphs/EdgeHighlightedGraph18.pdf used on inpu
t line 78.
(pdftex.def)             Requested size: 331.23851pt x 331.23851pt.
 [30 <Z:/coursework/cs532/a5/final-tex/figures/graphs/EdgeHighlightedGraph18.pd
f>]
<figures/graphs/EdgeHighlightedGraph19.pdf, id=512, 602.25pt x 602.25pt>
File: figures/graphs/EdgeHighlightedGraph19.pdf Graphic file (type pdf)

<use figures/graphs/EdgeHighlightedGraph19.pdf>
Package pdftex.def Info: figures/graphs/EdgeHighlightedGraph19.pdf used on inpu
t line 86.
(pdftex.def)             Requested size: 331.23851pt x 331.23851pt.
 [31 <Z:/coursework/cs532/a5/final-tex/figures/graphs/EdgeHighlightedGraph19.pd
f>]
<figures/graphs/EdgeHighlightedGraph20.pdf, id=526, 602.25pt x 602.25pt>
File: figures/graphs/EdgeHighlightedGraph20.pdf Graphic file (type pdf)

<use figures/graphs/EdgeHighlightedGraph20.pdf>
Package pdftex.def Info: figures/graphs/EdgeHighlightedGraph20.pdf used on inpu
t line 94.
(pdftex.def)             Requested size: 331.23851pt x 331.23851pt.
 [32 <Z:/coursework/cs532/a5/final-tex/figures/graphs/EdgeHighlightedGraph20.pd
f>]
<figures/graphs/EdgeHighlightedGraph21.pdf, id=540, 602.25pt x 602.25pt>
File: figures/graphs/EdgeHighlightedGraph21.pdf Graphic file (type pdf)

<use figures/graphs/EdgeHighlightedGraph21.pdf>
Package pdftex.def Info: figures/graphs/EdgeHighlightedGraph21.pdf used on inpu
t line 102.
(pdftex.def)             Requested size: 331.23851pt x 331.23851pt.
 [33 <Z:/coursework/cs532/a5/final-tex/figures/graphs/EdgeHighlightedGraph21.pd
f>]
<figures/graphs/GraphWith5Groups.pdf, id=555, 602.25pt x 602.25pt>
File: figures/graphs/GraphWith5Groups.pdf Graphic file (type pdf)

<use figures/graphs/GraphWith5Groups.pdf>
Package pdftex.def Info: figures/graphs/GraphWith5Groups.pdf used on input line
 110.
(pdftex.def)             Requested size: 331.23851pt x 331.23851pt.
) [34 <Z:/coursework/cs532/a5/final-tex/figures/graphs/GraphWith5Groups.pdf>]
Package atveryend Info: Empty hook `BeforeClearDocument' on input line 48.
Package atveryend Info: Empty hook `AfterLastShipout' on input line 48.

(Z:\coursework\cs532\a5\final-tex\main.aux
(Z:\coursework\cs532\a5\final-tex\question-1.aux)
(Z:\coursework\cs532\a5\final-tex\question-2.aux))
Package atveryend Info: Executing hook `AtVeryEndDocument' on input line 48.
Package atveryend Info: Executing hook `AtEndAfterFileList' on input line 48.
Package rerunfilecheck Info: File `main.out' has not changed.
(rerunfilecheck)             Checksum: DC4DCF3B911FE1F3F455356F2F09F51B;92.
Package atveryend Info: Empty hook `AtVeryVeryEnd' on input line 48.
 ) 
Here is how much of TeX's memory you used:
 8995 strings out of 493921
 135558 string characters out of 3144871
 384869 words of memory out of 3000000
 11988 multiletter control sequences out of 15000+200000
 10726 words of font info for 42 fonts, out of 3000000 for 9000
 841 hyphenation exceptions out of 8191
 41i,9n,77p,500b,2040s stack positions out of 5000i,500n,10000p,200000b,50000s
<C:/Program Files (x86)/MiKTeX 2.9/fonts/type1/public/amsfonts/cm/cmbx10.pfb>
<C:/Program Files (x86)/MiKTeX 2.9/fonts/type1/public/amsfonts/cm/cmbx12.pfb><C
:/Program Files (x86)/MiKTeX 2.9/fonts/type1/public/amsfonts/cm/cmbx9.pfb><C:/P
rogram Files (x86)/MiKTeX 2.9/fonts/type1/public/amsfonts/cm/cmmi9.pfb><C:/Prog
ram Files (x86)/MiKTeX 2.9/fonts/type1/public/amsfonts/cm/cmr10.pfb><C:/Program
 Files (x86)/MiKTeX 2.9/fonts/type1/public/amsfonts/cm/cmr12.pfb><C:/Program Fi
les (x86)/MiKTeX 2.9/fonts/type1/public/amsfonts/cm/cmr17.pfb><C:/Program Files
 (x86)/MiKTeX 2.9/fonts/type1/public/amsfonts/cm/cmr9.pfb><C:/Program Files (x8
6)/MiKTeX 2.9/fonts/type1/public/amsfonts/cm/cmsy10.pfb><C:/Program Files (x86)
/MiKTeX 2.9/fonts/type1/public/amsfonts/cm/cmsy9.pfb><C:/Program Files (x86)/Mi
KTeX 2.9/fonts/type1/public/amsfonts/cm/cmtt10.pfb>
Output written on main.pdf (38 pages, 472086 bytes).
PDF statistics:
 636 PDF objects out of 1000 (max. 8388607)
 135 named destinations out of 1000 (max. 500000)
 152 words of extra memory for PDF output out of 10000 (max. 10000000)

