This is pdfTeX, Version 3.1415926-2.5-1.40.14 (MiKTeX 2.9) (preloaded format=pdflatex 2016.2.5)  10 FEB 2016 10:13
entering extended mode
**question-1.tex
(Z:\coursework\cs532\cs532-s16\a2\final-tex\question-1.tex
LaTeX2e <2011/06/27>
Babel <v3.8m> and hyphenation patterns for english, afrikaans, ancientgreek, ar
abic, armenian, assamese, basque, bengali, bokmal, bulgarian, catalan, coptic, 
croatian, czech, danish, dutch, esperanto, estonian, farsi, finnish, french, ga
lician, german, german-x-2013-05-26, greek, gujarati, hindi, hungarian, iceland
ic, indonesian, interlingua, irish, italian, kannada, kurmanji, latin, latvian,
 lithuanian, malayalam, marathi, mongolian, mongolianlmc, monogreek, ngerman, n
german-x-2013-05-26, nynorsk, oriya, panjabi, pinyin, polish, portuguese, roman
ian, russian, sanskrit, serbian, slovak, slovenian, spanish, swedish, swissgerm
an, tamil, telugu, turkish, turkmen, ukenglish, ukrainian, uppersorbian, usengl
ishmax, welsh, loaded.
! Undefined control sequence.
l.1 \chapter
            {Question 1}
The control sequence at the end of the top line
of your error message was never \def'ed. If you have
misspelled it (e.g., `\hobx'), type `I' and the correct
spelling (e.g., `I\hbox'). Otherwise just continue,
and I'll forget about whatever was undefined.


! LaTeX Error: Missing \begin{document}.

See the LaTeX manual or LaTeX Companion for explanation.
Type  H <return>  for immediate help.
 ...                                              
                                                  
l.1 \chapter{Q
              uestion 1}
You're in trouble here.  Try typing  <return>  to proceed.
If that doesn't work, type  X <return>  to quit.

Missing character: There is no Q in font nullfont!
Missing character: There is no u in font nullfont!
Missing character: There is no e in font nullfont!
Missing character: There is no s in font nullfont!
Missing character: There is no t in font nullfont!
Missing character: There is no i in font nullfont!
Missing character: There is no o in font nullfont!
Missing character: There is no n in font nullfont!
Missing character: There is no 1 in font nullfont!

Overfull \hbox (20.0pt too wide) in paragraph at lines 1--3
[]
 []


! LaTeX Error: Missing \begin{document}.

See the LaTeX manual or LaTeX Companion for explanation.
Type  H <return>  for immediate help.
 ...                                              
                                                  
l.4 ...witter.  You might want to take a look at:}
                                                  \\
You're in trouble here.  Try typing  <return>  to proceed.
If that doesn't work, type  X <return>  to quit.

! Undefined control sequence.
<argument> {\url 
                 {http://thomassileo.com/blog/2013/01/25/using-twitter-rest-...
l.5 ...g-twitter-rest-api-v1-dot-1-with-python/}}}
                                                  \\
The control sequence at the end of the top line
of your error message was never \def'ed. If you have
misspelled it (e.g., `\hobx'), type `I' and the correct
spelling (e.g., `I\hbox'). Otherwise just continue,
and I'll forget about whatever was undefined.


Overfull \hbox (48.60403pt too wide) in paragraph at lines 4--10
[]\OT1/cmr/bx/n/10 Write
 []


Overfull \hbox (5.59023pt too wide) in paragraph at lines 4--10
\OT1/cmr/bx/n/10 a
 []


Overfull \hbox (36.93036pt too wide) in paragraph at lines 4--10
\OT1/cmr/bx/n/10 Python
 []


Overfull \hbox (20.70824pt too wide) in paragraph at lines 4--10
\OT1/cmr/bx/n/10 pro-
 []


Overfull \hbox (25.65958pt too wide) in paragraph at lines 4--10
\OT1/cmr/bx/n/10 gram
 []


Overfull \hbox (20.92348pt too wide) in paragraph at lines 4--10
\OT1/cmr/bx/n/10 that
 []


Overfull \hbox (15.17354pt too wide) in paragraph at lines 4--10
\OT1/cmr/bx/n/10 ex-
 []


Overfull \hbox (28.91788pt too wide) in paragraph at lines 4--10
\OT1/cmr/bx/n/10 tracts
 []


Overfull \hbox (22.99988pt too wide) in paragraph at lines 4--10
\OT1/cmr/bx/n/10 1000
 []


Overfull \hbox (33.70122pt too wide) in paragraph at lines 4--10
\OT1/cmr/bx/n/10 unique
 []


Overfull \hbox (23.3832pt too wide) in paragraph at lines 4--10
\OT1/cmr/bx/n/10 links
 []


Overfull \hbox (23.58322pt too wide) in paragraph at lines 4--10
\OT1/cmr/bx/n/10 from
 []


Overfull \hbox (27.8054pt too wide) in paragraph at lines 4--10
\OT1/cmr/bx/n/10 Twit-
 []


Overfull \hbox (17.67354pt too wide) in paragraph at lines 4--10
\OT1/cmr/bx/n/10 ter.
 []


Overfull \hbox (19.8749pt too wide) in paragraph at lines 4--10
\OT1/cmr/bx/n/10 You
 []


Overfull \hbox (29.06929pt too wide) in paragraph at lines 4--10
\OT1/cmr/bx/n/10 might
 []


Overfull \hbox (24.1179pt too wide) in paragraph at lines 4--10
\OT1/cmr/bx/n/10 want
 []


Overfull \hbox (10.22217pt too wide) in paragraph at lines 4--10
\OT1/cmr/bx/n/10 to
 []


Overfull \hbox (21.0832pt too wide) in paragraph at lines 4--10
\OT1/cmr/bx/n/10 take
 []


Overfull \hbox (5.59023pt too wide) in paragraph at lines 4--10
\OT1/cmr/bx/n/10 a
 []


Overfull \hbox (21.08322pt too wide) in paragraph at lines 4--10
\OT1/cmr/bx/n/10 look
 []


Overfull \hbox (13.25685pt too wide) in paragraph at lines 4--10
\OT1/cmr/bx/n/10 at: 
 []


Overfull \hbox (243.92642pt too wide) in paragraph at lines 4--10
\OT1/cmr/bx/n/10 http://thomassileo.com/blog/2013/01/25/using-
 []


Overfull \hbox (38.43732pt too wide) in paragraph at lines 4--10
\OT1/cmr/bx/n/10 twitter-
 []


Overfull \hbox (22.8485pt too wide) in paragraph at lines 4--10
\OT1/cmr/bx/n/10 rest-
 []


Overfull \hbox (19.00682pt too wide) in paragraph at lines 4--10
\OT1/cmr/bx/n/10 api-
 []


Overfull \hbox (15.6527pt too wide) in paragraph at lines 4--10
\OT1/cmr/bx/n/10 v1-
 []


Overfull \hbox (20.44434pt too wide) in paragraph at lines 4--10
\OT1/cmr/bx/n/10 dot-
 []


Overfull \hbox (9.58328pt too wide) in paragraph at lines 4--10
\OT1/cmr/bx/n/10 1-
 []


Overfull \hbox (26.1943pt too wide) in paragraph at lines 4--10
\OT1/cmr/bx/n/10 with-
 []


Overfull \hbox (40.88867pt too wide) in paragraph at lines 4--10
\OT1/cmr/bx/n/10 python/ 
 []


Overfull \hbox (19.04156pt too wide) in paragraph at lines 4--10
\OT1/cmr/bx/n/10 But
 []


Overfull \hbox (26.13878pt too wide) in paragraph at lines 4--10
\OT1/cmr/bx/n/10 there
 []


Overfull \hbox (15.59714pt too wide) in paragraph at lines 4--10
\OT1/cmr/bx/n/10 are
 []


Overfull \hbox (27.31233pt too wide) in paragraph at lines 4--10
\OT1/cmr/bx/n/10 many
 []


Overfull \hbox (26.61794pt too wide) in paragraph at lines 4--10
\OT1/cmr/bx/n/10 other
 []


Overfull \hbox (21.1471pt too wide) in paragraph at lines 4--10
\OT1/cmr/bx/n/10 sim-
 []


Overfull \hbox (7.02774pt too wide) in paragraph at lines 4--10
\OT1/cmr/bx/n/10 i-
 []


Overfull \hbox (13.52075pt too wide) in paragraph at lines 4--10
\OT1/cmr/bx/n/10 lar
 []


Overfull \hbox (13.84023pt too wide) in paragraph at lines 4--10
\OT1/cmr/bx/n/10 re-
 []


Overfull \hbox (36.32896pt too wide) in paragraph at lines 4--10
\OT1/cmr/bx/n/10 sources
 []


Overfull \hbox (26.5137pt too wide) in paragraph at lines 4--10
\OT1/cmr/bx/n/10 avail-
 []


Overfull \hbox (20.44432pt too wide) in paragraph at lines 4--10
\OT1/cmr/bx/n/10 able
 []


Overfull \hbox (12.13882pt too wide) in paragraph at lines 4--10
\OT1/cmr/bx/n/10 on
 []


Overfull \hbox (16.13187pt too wide) in paragraph at lines 4--10
\OT1/cmr/bx/n/10 the
 []


Overfull \hbox (22.84016pt too wide) in paragraph at lines 4--10
\OT1/cmr/bx/n/10 web.
 []


Overfull \hbox (24.49294pt too wide) in paragraph at lines 4--10
\OT1/cmr/bx/n/10 Note
 []


Overfull \hbox (20.92348pt too wide) in paragraph at lines 4--10
\OT1/cmr/bx/n/10 that
 []


Overfull \hbox (21.40266pt too wide) in paragraph at lines 4--10
\OT1/cmr/bx/n/10 only
 []


Overfull \hbox (27.8054pt too wide) in paragraph at lines 4--10
\OT1/cmr/bx/n/10 Twit-
 []


Overfull \hbox (14.47911pt too wide) in paragraph at lines 4--10
\OT1/cmr/bx/n/10 ter
 []


Overfull \hbox (20.91655pt too wide) in paragraph at lines 4--10
\OT1/cmr/bx/n/10 API
 []


Overfull \hbox (14.69437pt too wide) in paragraph at lines 4--10
\OT1/cmr/bx/n/10 1.1
 []


Overfull \hbox (7.7305pt too wide) in paragraph at lines 4--10
\OT1/cmr/bx/n/10 is
 []


Overfull \hbox (20.06935pt too wide) in paragraph at lines 4--10
\OT1/cmr/bx/n/10 cur-
 []


Overfull \hbox (29.81236pt too wide) in paragraph at lines 4--10
\OT1/cmr/bx/n/10 rently
 []


Overfull \hbox (26.5137pt too wide) in paragraph at lines 4--10
\OT1/cmr/bx/n/10 avail-
 []


Overfull \hbox (23.63875pt too wide) in paragraph at lines 4--10
\OT1/cmr/bx/n/10 able;
 []


Overfull \hbox (19.5902pt too wide) in paragraph at lines 4--10
\OT1/cmr/bx/n/10 ver-
 []


Overfull \hbox (19.86932pt too wide) in paragraph at lines 4--10
\OT1/cmr/bx/n/10 sion
 []


Overfull \hbox (5.74997pt too wide) in paragraph at lines 4--10
\OT1/cmr/bx/n/10 1
 []


Overfull \hbox (22.84016pt too wide) in paragraph at lines 4--10
\OT1/cmr/bx/n/10 code
 []


Overfull \hbox (17.8888pt too wide) in paragraph at lines 4--10
\OT1/cmr/bx/n/10 will
 []


Overfull \hbox (12.13882pt too wide) in paragraph at lines 4--10
\OT1/cmr/bx/n/10 no
 []


Overfull \hbox (31.09013pt too wide) in paragraph at lines 4--10
\OT1/cmr/bx/n/10 longer
 []


Overfull \hbox (27.73598pt too wide) in paragraph at lines 4--10
\OT1/cmr/bx/n/10 work. 
 []


Overfull \hbox (22.17487pt too wide) in paragraph at lines 4--10
\OT1/cmr/bx/n/10 Also
 []


Overfull \hbox (21.88184pt too wide) in paragraph at lines 4--10
\OT1/cmr/bx/n/10 note
 []


Overfull \hbox (20.92348pt too wide) in paragraph at lines 4--10
\OT1/cmr/bx/n/10 that
 []


Overfull \hbox (17.8888pt too wide) in paragraph at lines 4--10
\OT1/cmr/bx/n/10 you
 []


Overfull \hbox (23.31934pt too wide) in paragraph at lines 4--10
\OT1/cmr/bx/n/10 need
 []


Overfull \hbox (10.22217pt too wide) in paragraph at lines 4--10
\OT1/cmr/bx/n/10 to
 []


Overfull \hbox (19.5902pt too wide) in paragraph at lines 4--10
\OT1/cmr/bx/n/10 ver-
 []


Overfull \hbox (12.77771pt too wide) in paragraph at lines 4--10
\OT1/cmr/bx/n/10 ify
 []


Overfull \hbox (20.92348pt too wide) in paragraph at lines 4--10
\OT1/cmr/bx/n/10 that
 []


Overfull \hbox (16.13187pt too wide) in paragraph at lines 4--10
\OT1/cmr/bx/n/10 the
 []


Overfull \hbox (10.22217pt too wide) in paragraph at lines 4--10
\OT1/cmr/bx/n/10 fi-
 []


Overfull \hbox (15.17351pt too wide) in paragraph at lines 4--10
\OT1/cmr/bx/n/10 nal
 []


Overfull \hbox (18.63184pt too wide) in paragraph at lines 4--10
\OT1/cmr/bx/n/10 tar-
 []


Overfull \hbox (15.49298pt too wide) in paragraph at lines 4--10
\OT1/cmr/bx/n/10 get
 []


Overfull \hbox (21.8332pt too wide) in paragraph at lines 4--10
\OT1/cmr/bx/n/10 URI
 []


Overfull \hbox (22.52072pt too wide) in paragraph at lines 4--10
\OT1/cmr/bx/n/10 (i.e.,
 []


Overfull \hbox (16.13187pt too wide) in paragraph at lines 4--10
\OT1/cmr/bx/n/10 the
 []


Overfull \hbox (17.40964pt too wide) in paragraph at lines 4--10
\OT1/cmr/bx/n/10 one
 []


Overfull \hbox (20.92348pt too wide) in paragraph at lines 4--10
\OT1/cmr/bx/n/10 that
 []


Overfull \hbox (13.84023pt too wide) in paragraph at lines 4--10
\OT1/cmr/bx/n/10 re-
 []


Overfull \hbox (34.30812pt too wide) in paragraph at lines 4--10
\OT1/cmr/bx/n/10 sponds
 []


Overfull \hbox (22.361pt too wide) in paragraph at lines 4--10
\OT1/cmr/bx/n/10 with
 []


Overfull \hbox (5.59023pt too wide) in paragraph at lines 4--10
\OT1/cmr/bx/n/10 a
 []


Overfull \hbox (21.7221pt too wide) in paragraph at lines 4--10
\OT1/cmr/bx/n/10 200)
 []


Overfull \hbox (7.7305pt too wide) in paragraph at lines 4--10
\OT1/cmr/bx/n/10 is
 []


Overfull \hbox (36.89565pt too wide) in paragraph at lines 4--10
\OT1/cmr/bx/n/10 unique.
 []


Overfull \hbox (19.8749pt too wide) in paragraph at lines 4--10
\OT1/cmr/bx/n/10 You
 []


Overfull \hbox (26.83319pt too wide) in paragraph at lines 4--10
\OT1/cmr/bx/n/10 could
 []


Overfull \hbox (22.68042pt too wide) in paragraph at lines 4--10
\OT1/cmr/bx/n/10 have
 []


Overfull \hbox (27.31233pt too wide) in paragraph at lines 4--10
\OT1/cmr/bx/n/10 many
 []


Overfull \hbox (16.93047pt too wide) in paragraph at lines 4--10
\OT1/cmr/bx/n/10 dif-
 []


Overfull \hbox (17.3541pt too wide) in paragraph at lines 4--10
\OT1/cmr/bx/n/10 fer-
 []


Overfull \hbox (15.81242pt too wide) in paragraph at lines 4--10
\OT1/cmr/bx/n/10 ent
 []


Overfull \hbox (29.7165pt too wide) in paragraph at lines 4--10
\OT1/cmr/bx/n/10 short-
 []


Overfull \hbox (23.31934pt too wide) in paragraph at lines 4--10
\OT1/cmr/bx/n/10 ened
 []


Overfull \hbox (26.36928pt too wide) in paragraph at lines 4--10
\OT1/cmr/bx/n/10 URIs
 []


Overfull \hbox (13.99994pt too wide) in paragraph at lines 4--10
\OT1/cmr/bx/n/10 for
 []


Overfull \hbox (69.63852pt too wide) in paragraph at lines 4--10
\OT1/cmr/bx/n/10 www.cnn.com
 []


Overfull \hbox (26.1943pt too wide) in paragraph at lines 4--10
\OT1/cmr/bx/n/10 (t.co,
 []


Overfull \hbox (28.74985pt too wide) in paragraph at lines 4--10
\OT1/cmr/bx/n/10 bit.ly,
 []


Overfull \hbox (32.9026pt too wide) in paragraph at lines 4--10
\OT1/cmr/bx/n/10 goo.gl,
 []


Overfull \hbox (25.71515pt too wide) in paragraph at lines 4--10
\OT1/cmr/bx/n/10 etc.). 
 []


Overfull \hbox (19.8749pt too wide) in paragraph at lines 4--10
\OT1/cmr/bx/n/10 You
 []


Overfull \hbox (29.06929pt too wide) in paragraph at lines 4--10
\OT1/cmr/bx/n/10 might
 []


Overfull \hbox (24.1179pt too wide) in paragraph at lines 4--10
\OT1/cmr/bx/n/10 want
 []


Overfull \hbox (10.22217pt too wide) in paragraph at lines 4--10
\OT1/cmr/bx/n/10 to
 []


Overfull \hbox (16.19574pt too wide) in paragraph at lines 4--10
\OT1/cmr/bx/n/10 use
 []


Overfull \hbox (16.13187pt too wide) in paragraph at lines 4--10
\OT1/cmr/bx/n/10 the
 []


Overfull \hbox (31.3137pt too wide) in paragraph at lines 4--10
\OT1/cmr/bx/n/10 search
 []


Overfull \hbox (18.20822pt too wide) in paragraph at lines 4--10
\OT1/cmr/bx/n/10 fea-
 []


Overfull \hbox (20.86797pt too wide) in paragraph at lines 4--10
\OT1/cmr/bx/n/10 ture
 []


Overfull \hbox (10.22217pt too wide) in paragraph at lines 4--10
\OT1/cmr/bx/n/10 to
 []


Overfull \hbox (19.16656pt too wide) in paragraph at lines 4--10
\OT1/cmr/bx/n/10 find
 []


Overfull \hbox (29.5637pt too wide) in paragraph at lines 4--10
\OT1/cmr/bx/n/10 URIs,
 []


Overfull \hbox (10.48607pt too wide) in paragraph at lines 4--10
\OT1/cmr/bx/n/10 or
 []


Overfull \hbox (17.8888pt too wide) in paragraph at lines 4--10
\OT1/cmr/bx/n/10 you
 []


Overfull \hbox (17.09016pt too wide) in paragraph at lines 4--10
\OT1/cmr/bx/n/10 can
 []


Overfull \hbox (19.16656pt too wide) in paragraph at lines 4--10
\OT1/cmr/bx/n/10 pull
 []


Overfull \hbox (25.71515pt too wide) in paragraph at lines 4--10
\OT1/cmr/bx/n/10 them
 []


Overfull \hbox (23.58322pt too wide) in paragraph at lines 4--10
\OT1/cmr/bx/n/10 from
 []


Overfull \hbox (16.13187pt too wide) in paragraph at lines 4--10
\OT1/cmr/bx/n/10 the
 []


Overfull \hbox (20.44435pt too wide) in paragraph at lines 4--10
\OT1/cmr/bx/n/10 feed
 []


Overfull \hbox (9.26384pt too wide) in paragraph at lines 4--10
\OT1/cmr/bx/n/10 of
 []


Overfull \hbox (28.97345pt too wide) in paragraph at lines 4--10
\OT1/cmr/bx/n/10 some-
 []


Overfull \hbox (17.40964pt too wide) in paragraph at lines 4--10
\OT1/cmr/bx/n/10 one
 []


Overfull \hbox (12.93741pt too wide) in paragraph at lines 4--10
\OT1/cmr/bx/n/10 fa-
 []


Overfull \hbox (26.25818pt too wide) in paragraph at lines 4--10
\OT1/cmr/bx/n/10 mous
 []


Overfull \hbox (25.07626pt too wide) in paragraph at lines 4--10
\OT1/cmr/bx/n/10 (e.g.,
 []


Overfull \hbox (20.77766pt too wide) in paragraph at lines 4--10
\OT1/cmr/bx/n/10 Tim
 []


Overfull \hbox (49.04836pt too wide) in paragraph at lines 4--10
\OT1/cmr/bx/n/10 O'Reilly). 
 []


Overfull \hbox (24.3332pt too wide) in paragraph at lines 4--10
\OT1/cmr/bx/n/10 Hold
 []


Overfull \hbox (12.13882pt too wide) in paragraph at lines 4--10
\OT1/cmr/bx/n/10 on
 []


Overfull \hbox (10.22217pt too wide) in paragraph at lines 4--10
\OT1/cmr/bx/n/10 to
 []


Overfull \hbox (18.59155pt too wide) in paragraph at lines 4--10
\OT1/cmr/bx/n/10 this
 []


Overfull \hbox (17.8888pt too wide) in paragraph at lines 4--10
\OT1/cmr/bx/n/10 col-
 []


Overfull \hbox (17.40964pt too wide) in paragraph at lines 4--10
\OT1/cmr/bx/n/10 lec-
 []


Overfull \hbox (19.80545pt too wide) in paragraph at lines 4--10
\OT1/cmr/bx/n/10 tion
 []


Overfull \hbox (5.74997pt too wide) in paragraph at lines 4--10
\OT1/cmr/bx/n/10 --
 []


Overfull \hbox (22.84016pt too wide) in paragraph at lines 4--10
\OT1/cmr/bx/n/10 we'll
 []


Overfull \hbox (16.19574pt too wide) in paragraph at lines 4--10
\OT1/cmr/bx/n/10 use
 []


Overfull \hbox (7.66663pt too wide) in paragraph at lines 4--10
\OT1/cmr/bx/n/10 it
 []


Overfull \hbox (23.26376pt too wide) in paragraph at lines 4--10
\OT1/cmr/bx/n/10 later
 []


Overfull \hbox (43.70811pt too wide) in paragraph at lines 4--10
\OT1/cmr/bx/n/10 through-
 []


Overfull \hbox (16.61102pt too wide) in paragraph at lines 4--10
\OT1/cmr/bx/n/10 out
 []


Overfull \hbox (16.13187pt too wide) in paragraph at lines 4--10
\OT1/cmr/bx/n/10 the
 []


Overfull \hbox (46.87059pt too wide) in paragraph at lines 4--10
\OT1/cmr/bx/n/10 semester. 
 []


Underfull \vbox (badness 10000) has occurred while \output is active []



! LaTeX Error: The font size command \normalsize is not defined:
               there is probably something wrong with the class file.

See the LaTeX manual or LaTeX Companion for explanation.
Type  H <return>  for immediate help.
 ...                                              
                                                  
l.10 
     
Your command was ignored.
Type  I <command> <return>  to replace it with another command,
or  <return>  to continue without it.

[1
! Undefined control sequence.
<write> \newlabel{intro}{{}{\thepage 
                                     }}
l.10 
     
The control sequence at the end of the top line
of your error message was never \def'ed. If you have
misspelled it (e.g., `\hobx'), type `I' and the correct
spelling (e.g., `I\hbox'). Otherwise just continue,
and I'll forget about whatever was undefined.

\newlabel{intro}{{}{}}
{C:/ProgramData/MiKTeX/2.9/pdftex/config/pdftex.map}])
! Emergency stop.
<*> question-1.tex
                  
*** (job aborted, no legal \end found)

 
Here is how much of TeX's memory you used:
 13 strings out of 493921
 283 string characters out of 3144850
 52031 words of memory out of 3000000
 3403 multiletter control sequences out of 15000+200000
 3948 words of font info for 15 fonts, out of 3000000 for 9000
 841 hyphenation exceptions out of 8191
 19i,4n,14p,223b,113s stack positions out of 5000i,500n,10000p,200000b,50000s
!  ==> Fatal error occurred, no output PDF file produced!
