This is pdfTeX, Version 3.1415926-2.5-1.40.14 (MiKTeX 2.9) (preloaded format=pdflatex 2016.2.5)  19 FEB 2016 00:36
entering extended mode
**main.tex
(Z:\coursework\cs532\a3\final-tex\main.tex
LaTeX2e <2011/06/27>
Babel <v3.8m> and hyphenation patterns for english, afrikaans, ancientgreek, ar
abic, armenian, assamese, basque, bengali, bokmal, bulgarian, catalan, coptic, 
croatian, czech, danish, dutch, esperanto, estonian, farsi, finnish, french, ga
lician, german, german-x-2013-05-26, greek, gujarati, hindi, hungarian, iceland
ic, indonesian, interlingua, irish, italian, kannada, kurmanji, latin, latvian,
 lithuanian, malayalam, marathi, mongolian, mongolianlmc, monogreek, ngerman, n
german-x-2013-05-26, nynorsk, oriya, panjabi, pinyin, polish, portuguese, roman
ian, russian, sanskrit, serbian, slovak, slovenian, spanish, swedish, swissgerm
an, tamil, telugu, turkish, turkmen, ukenglish, ukrainian, uppersorbian, usengl
ishmax, welsh, loaded.
(Z:\coursework\cs532\a3\final-tex\svmono.cls
Document Class: svmono 2006/10/31 v4.17 
Springer Verlag global LaTeX document class for monographs
Class Springer-SVMono Info: extra/valid Springer sub-package 
(Springer-SVMono)           not found in option list - using "global" style.
("C:\Program Files (x86)\MiKTeX 2.9\tex\latex\base\article.cls"
Document Class: article 2007/10/19 v1.4h Standard LaTeX document class
("C:\Program Files (x86)\MiKTeX 2.9\tex\latex\base\size10.clo"
File: size10.clo 2007/10/19 v1.4h Standard LaTeX file (size option)
)
\c@part=\count79
\c@section=\count80
\c@subsection=\count81
\c@subsubsection=\count82
\c@paragraph=\count83
\c@subparagraph=\count84
\c@figure=\count85
\c@table=\count86
\abovecaptionskip=\skip41
\belowcaptionskip=\skip42
\bibindent=\dimen102
)
\betweenumberspace=\dimen103
\headlineindent=\dimen104
\c@chapter=\count87
\chapstarthookwidth=\dimen105
\svitemindent=\dimen106
\verbatimindent=\dimen107
LaTeX Font Info:    Redeclaring math symbol \Gamma on input line 633.
LaTeX Font Info:    Redeclaring math symbol \Delta on input line 634.
LaTeX Font Info:    Redeclaring math symbol \Theta on input line 635.
LaTeX Font Info:    Redeclaring math symbol \Lambda on input line 636.
LaTeX Font Info:    Redeclaring math symbol \Xi on input line 637.
LaTeX Font Info:    Redeclaring math symbol \Pi on input line 638.
LaTeX Font Info:    Redeclaring math symbol \Sigma on input line 639.
LaTeX Font Info:    Redeclaring math symbol \Upsilon on input line 640.
LaTeX Font Info:    Redeclaring math symbol \Phi on input line 641.
LaTeX Font Info:    Redeclaring math symbol \Psi on input line 642.
LaTeX Font Info:    Redeclaring math symbol \Omega on input line 643.
\tocchpnum=\dimen108
\tocsecnum=\dimen109
\tocsectotal=\dimen110
\tocsubsecnum=\dimen111
\tocsubsectotal=\dimen112
\tocsubsubsecnum=\dimen113
\tocsubsubsectotal=\dimen114
\tocparanum=\dimen115
\tocparatotal=\dimen116
\tocsubparanum=\dimen117
\foot@parindent=\dimen118
\spthmsep=\dimen119
\c@theorem=\count88
\c@prob=\count89
\instindent=\dimen120
\figgap=\dimen121
\figcapgap=\dimen122
\tabcapgap=\dimen123
\c@merk=\count90
)
("C:\Program Files (x86)\MiKTeX 2.9\tex\latex\base\makeidx.sty"
Package: makeidx 2000/03/29 v1.0m Standard LaTeX package
)
("C:\Program Files (x86)\MiKTeX 2.9\tex\latex\graphics\graphicx.sty"
Package: graphicx 1999/02/16 v1.0f Enhanced LaTeX Graphics (DPC,SPQR)

("C:\Program Files (x86)\MiKTeX 2.9\tex\latex\graphics\keyval.sty"
Package: keyval 1999/03/16 v1.13 key=value parser (DPC)
\KV@toks@=\toks14
)
("C:\Program Files (x86)\MiKTeX 2.9\tex\latex\graphics\graphics.sty"
Package: graphics 2009/02/05 v1.0o Standard LaTeX Graphics (DPC,SPQR)

("C:\Program Files (x86)\MiKTeX 2.9\tex\latex\graphics\trig.sty"
Package: trig 1999/03/16 v1.09 sin cos tan (DPC)
)
("C:\Program Files (x86)\MiKTeX 2.9\tex\latex\00miktex\graphics.cfg"
File: graphics.cfg 2007/01/18 v1.5 graphics configuration of teTeX/TeXLive
)
Package graphics Info: Driver file: pdftex.def on input line 91.

("C:\Program Files (x86)\MiKTeX 2.9\tex\latex\pdftex-def\pdftex.def"
File: pdftex.def 2011/05/27 v0.06d Graphics/color for pdfTeX

("C:\Program Files (x86)\MiKTeX 2.9\tex\generic\oberdiek\infwarerr.sty"
Package: infwarerr 2010/04/08 v1.3 Providing info/warning/error messages (HO)
)
("C:\Program Files (x86)\MiKTeX 2.9\tex\generic\oberdiek\ltxcmds.sty"
Package: ltxcmds 2011/11/09 v1.22 LaTeX kernel commands for general use (HO)
)
\Gread@gobject=\count91
))
\Gin@req@height=\dimen124
\Gin@req@width=\dimen125
)
("C:\Program Files (x86)\MiKTeX 2.9\tex\latex\tools\multicol.sty"
Package: multicol 2011/06/27 v1.7a multicolumn formatting (FMi)
\c@tracingmulticols=\count92
\mult@box=\box26
\multicol@leftmargin=\dimen126
\c@unbalance=\count93
\c@collectmore=\count94
\doublecol@number=\count95
\multicoltolerance=\count96
\multicolpretolerance=\count97
\full@width=\dimen127
\page@free=\dimen128
\premulticols=\dimen129
\postmulticols=\dimen130
\multicolsep=\skip43
\multicolbaselineskip=\skip44
\partial@page=\box27
\last@line=\box28
\mult@rightbox=\box29
\mult@grightbox=\box30
\mult@gfirstbox=\box31
\mult@firstbox=\box32
\@tempa=\box33
\@tempa=\box34
\@tempa=\box35
\@tempa=\box36
\@tempa=\box37
\@tempa=\box38
\@tempa=\box39
\@tempa=\box40
\@tempa=\box41
\@tempa=\box42
\@tempa=\box43
\@tempa=\box44
\@tempa=\box45
\@tempa=\box46
\@tempa=\box47
\@tempa=\box48
\@tempa=\box49
\c@columnbadness=\count98
\c@finalcolumnbadness=\count99
\last@try=\dimen131
\multicolovershoot=\dimen132
\multicolundershoot=\dimen133
\mult@nat@firstbox=\box50
\colbreak@box=\box51
\multicol@sort@counter=\count100
)
(C:\Users\smajeti.CS.001\AppData\Roaming\MiKTeX\2.9\tex\latex\footmisc\footmisc
.sty
Package: footmisc 2011/06/06 v5.5b a miscellany of footnote facilities
\FN@temptoken=\toks15
\footnotemargin=\dimen134
\c@pp@next@reset=\count101
Package footmisc Info: Declaring symbol style bringhurst on input line 855.
Package footmisc Info: Declaring symbol style chicago on input line 863.
Package footmisc Info: Declaring symbol style wiley on input line 872.
Package footmisc Info: Declaring symbol style lamport-robust on input line 883.

Package footmisc Info: Declaring symbol style lamport* on input line 903.
Package footmisc Info: Declaring symbol style lamport*-robust on input line 924
.
)
(C:\Users\smajeti.CS.001\AppData\Roaming\MiKTeX\2.9\tex\latex\wrapfig\wrapfig.s
ty
\wrapoverhang=\dimen135
\WF@size=\dimen136
\c@WF@wrappedlines=\count102
\WF@box=\box52
\WF@everypar=\toks16
Package: wrapfig 2003/01/31  v 3.6
) ("C:\Program Files (x86)\MiKTeX 2.9\tex\latex\graphics\color.sty"
Package: color 2005/11/14 v1.0j Standard LaTeX Color (DPC)

("C:\Program Files (x86)\MiKTeX 2.9\tex\latex\00miktex\color.cfg"
File: color.cfg 2007/01/18 v1.5 color configuration of teTeX/TeXLive
)
Package color Info: Driver file: pdftex.def on input line 130.
)
(C:\Users\smajeti.CS.001\AppData\Roaming\MiKTeX\2.9\tex\latex\fancyvrb\fancyvrb
.sty
Package: fancyvrb 2008/02/07

Style option: `fancyvrb' v2.7a, with DG/SPQR fixes, and firstline=lastline fix 
<2008/02/07> (tvz)
\FV@CodeLineNo=\count103
\FV@InFile=\read1
\FV@TabBox=\box53
\c@FancyVerbLine=\count104
\FV@StepNumber=\count105
\FV@OutFile=\write3
)
("C:\Program Files (x86)\MiKTeX 2.9\tex\latex\amsfonts\amssymb.sty"
Package: amssymb 2013/01/14 v3.01 AMS font symbols

("C:\Program Files (x86)\MiKTeX 2.9\tex\latex\amsfonts\amsfonts.sty"
Package: amsfonts 2013/01/14 v3.01 Basic AMSFonts support
\@emptytoks=\toks17
\symAMSa=\mathgroup4
\symAMSb=\mathgroup5
LaTeX Font Info:    Overwriting math alphabet `\mathfrak' in version `bold'
(Font)                  U/euf/m/n --> U/euf/b/n on input line 106.
))
(C:\Users\smajeti.CS.001\AppData\Roaming\MiKTeX\2.9\tex\latex\listings\listings
.sty
\lst@mode=\count106
\lst@gtempboxa=\box54
\lst@token=\toks18
\lst@length=\count107
\lst@currlwidth=\dimen137
\lst@column=\count108
\lst@pos=\count109
\lst@lostspace=\dimen138
\lst@width=\dimen139
\lst@newlines=\count110
\lst@lineno=\count111
\lst@maxwidth=\dimen140

(C:\Users\smajeti.CS.001\AppData\Roaming\MiKTeX\2.9\tex\latex\listings\lstmisc.
sty
File: lstmisc.sty 2015/06/04 1.6 (Carsten Heinz)
\c@lstnumber=\count112
\lst@skipnumbers=\count113
\lst@framebox=\box55
)
(C:\Users\smajeti.CS.001\AppData\Roaming\MiKTeX\2.9\tex\latex\listings\listings
.cfg
File: listings.cfg 2015/06/04 1.6 listings configuration
))
Package: listings 2015/06/04 1.6 (Carsten Heinz)

(C:\Users\smajeti.CS.001\AppData\Roaming\MiKTeX\2.9\tex\latex\pdfpages\pdfpages
.sty
Package: pdfpages 2015/09/18 v0.5d Insert pages of external PDF documents (AM)
 ("C:\Program Files (x86)\MiKTeX 2.9\tex\latex\base\ifthen.sty"
Package: ifthen 2001/05/26 v1.1c Standard LaTeX ifthen package (DPC)
)
("C:\Program Files (x86)\MiKTeX 2.9\tex\latex\tools\calc.sty"
Package: calc 2007/08/22 v4.3 Infix arithmetic (KKT,FJ)
\calc@Acount=\count114
\calc@Bcount=\count115
\calc@Adimen=\dimen141
\calc@Bdimen=\dimen142
\calc@Askip=\skip45
\calc@Bskip=\skip46
LaTeX Info: Redefining \setlength on input line 76.
LaTeX Info: Redefining \addtolength on input line 77.
\calc@Ccount=\count116
\calc@Cskip=\skip47
)
(C:\Users\smajeti.CS.001\AppData\Roaming\MiKTeX\2.9\tex\latex\eso-pic\eso-pic.s
ty
Package: eso-pic 2015/07/21 v2.0g eso-pic (RN)
 ("C:\Program Files (x86)\MiKTeX 2.9\tex\generic\oberdiek\atbegshi.sty"
Package: atbegshi 2011/10/05 v1.16 At begin shipout hook (HO)

("C:\Program Files (x86)\MiKTeX 2.9\tex\generic\oberdiek\ifpdf.sty"
Package: ifpdf 2011/01/30 v2.3 Provides the ifpdf switch (HO)
Package ifpdf Info: pdfTeX in PDF mode is detected.
)))
\AM@pagewidth=\dimen143
\AM@pageheight=\dimen144

(C:\Users\smajeti.CS.001\AppData\Roaming\MiKTeX\2.9\tex\latex\pdfpages\pppdftex
.def
File: pppdftex.def 2015/09/18 v0.5d Pdfpages driver for pdfTeX (AM)
)
\AM@pagebox=\box56
\AM@toc@title=\toks19
\c@AM@survey=\count117
\AM@templatesizebox=\box57
)
(C:\Users\smajeti.CS.001\AppData\Roaming\MiKTeX\2.9\tex\latex\url\url.sty
\Urlmuskip=\muskip10
Package: url 2013/09/16  ver 3.4  Verb mode for urls, etc.
)
("C:\Program Files (x86)\MiKTeX 2.9\tex\latex\hyperref\hyperref.sty"
Package: hyperref 2012/11/06 v6.83m Hypertext links for LaTeX

("C:\Program Files (x86)\MiKTeX 2.9\tex\generic\oberdiek\hobsub-hyperref.sty"
Package: hobsub-hyperref 2012/04/25 v1.12 Bundle oberdiek, subset hyperref (HO)


("C:\Program Files (x86)\MiKTeX 2.9\tex\generic\oberdiek\hobsub-generic.sty"
Package: hobsub-generic 2012/04/25 v1.12 Bundle oberdiek, subset generic (HO)
Package: hobsub 2012/04/25 v1.12 Construct package bundles (HO)
Package hobsub Info: Skipping package `infwarerr' (already loaded).
Package hobsub Info: Skipping package `ltxcmds' (already loaded).
Package: ifluatex 2010/03/01 v1.3 Provides the ifluatex switch (HO)
Package ifluatex Info: LuaTeX not detected.
Package: ifvtex 2010/03/01 v1.5 Detect VTeX and its facilities (HO)
Package ifvtex Info: VTeX not detected.
Package: intcalc 2007/09/27 v1.1 Expandable calculations with integers (HO)
Package hobsub Info: Skipping package `ifpdf' (already loaded).
Package: etexcmds 2011/02/16 v1.5 Avoid name clashes with e-TeX commands (HO)
Package etexcmds Info: Could not find \expanded.
(etexcmds)             That can mean that you are not using pdfTeX 1.50 or
(etexcmds)             that some package has redefined \expanded.
(etexcmds)             In the latter case, load this package earlier.
Package: kvsetkeys 2012/04/25 v1.16 Key value parser (HO)
Package: kvdefinekeys 2011/04/07 v1.3 Define keys (HO)
Package: pdftexcmds 2011/11/29 v0.20 Utility functions of pdfTeX for LuaTeX (HO
)
Package pdftexcmds Info: LuaTeX not detected.
Package pdftexcmds Info: \pdf@primitive is available.
Package pdftexcmds Info: \pdf@ifprimitive is available.
Package pdftexcmds Info: \pdfdraftmode found.
Package: pdfescape 2011/11/25 v1.13 Implements pdfTeX's escape features (HO)
Package: bigintcalc 2012/04/08 v1.3 Expandable calculations on big integers (HO
)
Package: bitset 2011/01/30 v1.1 Handle bit-vector datatype (HO)
Package: uniquecounter 2011/01/30 v1.2 Provide unlimited unique counter (HO)
)
Package hobsub Info: Skipping package `hobsub' (already loaded).
Package: letltxmacro 2010/09/02 v1.4 Let assignment for LaTeX macros (HO)
Package: hopatch 2011/06/24 v1.1 Wrapper for package hooks (HO)
Package: xcolor-patch 2011/01/30 xcolor patch
Package: atveryend 2011/06/30 v1.8 Hooks at the very end of document (HO)
Package atveryend Info: \enddocument detected (standard20110627).
Package hobsub Info: Skipping package `atbegshi' (already loaded).
Package: refcount 2011/10/16 v3.4 Data extraction from label references (HO)
Package: hycolor 2011/01/30 v1.7 Color options for hyperref/bookmark (HO)
)
("C:\Program Files (x86)\MiKTeX 2.9\tex\generic\ifxetex\ifxetex.sty"
Package: ifxetex 2010/09/12 v0.6 Provides ifxetex conditional
)
("C:\Program Files (x86)\MiKTeX 2.9\tex\latex\oberdiek\auxhook.sty"
Package: auxhook 2011/03/04 v1.3 Hooks for auxiliary files (HO)
)
("C:\Program Files (x86)\MiKTeX 2.9\tex\latex\oberdiek\kvoptions.sty"
Package: kvoptions 2011/06/30 v3.11 Key value format for package options (HO)
)
\@linkdim=\dimen145
\Hy@linkcounter=\count118
\Hy@pagecounter=\count119

("C:\Program Files (x86)\MiKTeX 2.9\tex\latex\hyperref\pd1enc.def"
File: pd1enc.def 2012/11/06 v6.83m Hyperref: PDFDocEncoding definition (HO)
)
\Hy@SavedSpaceFactor=\count120

("C:\Program Files (x86)\MiKTeX 2.9\tex\latex\00miktex\hyperref.cfg"
File: hyperref.cfg 2002/06/06 v1.2 hyperref configuration of TeXLive
)
Package hyperref Info: Hyper figures OFF on input line 4443.
Package hyperref Info: Link nesting OFF on input line 4448.
Package hyperref Info: Hyper index ON on input line 4451.
Package hyperref Info: Plain pages OFF on input line 4458.
Package hyperref Info: Backreferencing OFF on input line 4463.
Package hyperref Info: Implicit mode ON; LaTeX internals redefined.
Package hyperref Info: Bookmarks ON on input line 4688.
\c@Hy@tempcnt=\count121
LaTeX Info: Redefining \url on input line 5041.
\XeTeXLinkMargin=\dimen146
\Fld@menulength=\count122
\Field@Width=\dimen147
\Fld@charsize=\dimen148
Package hyperref Info: Hyper figures OFF on input line 6295.
Package hyperref Info: Link nesting OFF on input line 6300.
Package hyperref Info: Hyper index ON on input line 6303.
Package hyperref Info: backreferencing OFF on input line 6310.
Package hyperref Info: Link coloring OFF on input line 6315.
Package hyperref Info: Link coloring with OCG OFF on input line 6320.
Package hyperref Info: PDF/A mode OFF on input line 6325.
LaTeX Info: Redefining \ref on input line 6365.
LaTeX Info: Redefining \pageref on input line 6369.
\Hy@abspage=\count123
\c@Item=\count124
\c@Hfootnote=\count125
)

Package hyperref Message: Driver (autodetected): hpdftex.

("C:\Program Files (x86)\MiKTeX 2.9\tex\latex\hyperref\hpdftex.def"
File: hpdftex.def 2012/11/06 v6.83m Hyperref driver for pdfTeX
\Fld@listcount=\count126
\c@bookmark@seq@number=\count127

("C:\Program Files (x86)\MiKTeX 2.9\tex\latex\oberdiek\rerunfilecheck.sty"
Package: rerunfilecheck 2011/04/15 v1.7 Rerun checks for auxiliary files (HO)
Package uniquecounter Info: New unique counter `rerunfilecheck' on input line 2
82.
)
\Hy@SectionHShift=\skip48
)
("C:\Program Files (x86)\MiKTeX 2.9\tex\latex\hyperref\nameref.sty"
Package: nameref 2012/10/27 v2.43 Cross-referencing by name of section

("C:\Program Files (x86)\MiKTeX 2.9\tex\generic\oberdiek\gettitlestring.sty"
Package: gettitlestring 2010/12/03 v1.4 Cleanup title references (HO)
)
\c@section@level=\count128
)
(Z:\coursework\cs532\a3\final-tex\main.aux
(Z:\coursework\cs532\a3\final-tex\question-1.aux)
(Z:\coursework\cs532\a3\final-tex\question-2.aux)
(Z:\coursework\cs532\a3\final-tex\question-3.aux)
(Z:\coursework\cs532\a3\final-tex\extra-credit-question.aux

LaTeX Warning: Label `intro' multiply defined.

))
LaTeX Font Info:    Checking defaults for OML/cmm/m/it on input line 19.
LaTeX Font Info:    ... okay on input line 19.
LaTeX Font Info:    Checking defaults for T1/cmr/m/n on input line 19.
LaTeX Font Info:    ... okay on input line 19.
LaTeX Font Info:    Checking defaults for OT1/cmr/m/n on input line 19.
LaTeX Font Info:    ... okay on input line 19.
LaTeX Font Info:    Checking defaults for OMS/cmsy/m/n on input line 19.
LaTeX Font Info:    ... okay on input line 19.
LaTeX Font Info:    Checking defaults for OMX/cmex/m/n on input line 19.
LaTeX Font Info:    ... okay on input line 19.
LaTeX Font Info:    Checking defaults for U/cmr/m/n on input line 19.
LaTeX Font Info:    ... okay on input line 19.
LaTeX Font Info:    Checking defaults for PD1/pdf/m/n on input line 19.
LaTeX Font Info:    ... okay on input line 19.

(C:\Users\smajeti.CS.001\AppData\Roaming\MiKTeX\2.9\tex\context\base\supp-pdf.m
kii
[Loading MPS to PDF converter (version 2006.09.02).]
\scratchcounter=\count129
\scratchdimen=\dimen149
\scratchbox=\box58
\nofMPsegments=\count130
\nofMParguments=\count131
\everyMPshowfont=\toks20
\MPscratchCnt=\count132
\MPscratchDim=\dimen150
\MPnumerator=\count133
\makeMPintoPDFobject=\count134
\everyMPtoPDFconversion=\toks21
)
\c@lstlisting=\count135
\AtBeginShipoutBox=\box59
 ("C:\Program Files (x86)\MiKTeX 2.9\tex\latex\oberdiek\pdflscape.sty"
Package: pdflscape 2008/08/11 v0.10 Display of landscape pages in PDF (HO)

("C:\Program Files (x86)\MiKTeX 2.9\tex\latex\graphics\lscape.sty"
Package: lscape 2000/10/22 v3.01 Landscape Pages (DPC)
)
Package pdflscape Info: Auto-detected driver: pdftex on input line 80.
)
Package hyperref Info: Link coloring OFF on input line 19.
LaTeX Info: Redefining \ref on input line 19.
LaTeX Info: Redefining \pageref on input line 19.
LaTeX Info: Redefining \nameref on input line 19.

(Z:\coursework\cs532\a3\final-tex\main.out)
(Z:\coursework\cs532\a3\final-tex\main.out)
\@outlinefile=\write4
 [1

{C:/Users/smajeti.CS.001/AppData/Local/MiKTeX/2.9/pdftex/config/pdftex.map}] [2


]
LaTeX Font Info:    Try loading font information for U+msa on input line 32.

("C:\Program Files (x86)\MiKTeX 2.9\tex\latex\amsfonts\umsa.fd"
File: umsa.fd 2013/01/14 v3.01 AMS symbols A
)
LaTeX Font Info:    Try loading font information for U+msb on input line 32.

("C:\Program Files (x86)\MiKTeX 2.9\tex\latex\amsfonts\umsb.fd"
File: umsb.fd 2013/01/14 v3.01 AMS symbols B
)
(Z:\coursework\cs532\a3\final-tex\main.toc)
\tf@toc=\write5
 [5


] [6


]
(Z:\coursework\cs532\a3\final-tex\question-1.tex
Chapter 1.
LaTeX Font Info:    Font shape `OT1/cmtt/bx/n' in size <10> not available
(Font)              Font shape `OT1/cmtt/m/n' tried instead on input line 13.
LaTeX Font Info:    Try loading font information for OMS+cmr on input line 18.
("C:\Program Files (x86)\MiKTeX 2.9\tex\latex\base\omscmr.fd"
File: omscmr.fd 1999/05/25 v2.5h Standard LaTeX font definitions
)
LaTeX Font Info:    Font shape `OMS/cmr/m/n' in size <10> not available
(Font)              Font shape `OMS/cmsy/m/n' tried instead on input line 18.
pdfTeX warning (ext4): destination with the same identifier (name{page.1}) has 
been already used, duplicate ignored
<to be read again> 
                   \relax 
l.26 \newpage
              [1



]
(C:\Users\smajeti.CS.001\AppData\Roaming\MiKTeX\2.9\tex\latex\listings\lstlang1
.sty
File: lstlang1.sty 2015/06/04 1.6 listings language file
) (Z:\coursework\cs532\a3\final-tex\src/rawData.py
LaTeX Font Info:    Try loading font information for OML+cmr on input line 9.

("C:\Program Files (x86)\MiKTeX 2.9\tex\latex\base\omlcmr.fd"
File: omlcmr.fd 1999/05/25 v2.5h Standard LaTeX font definitions
)
LaTeX Font Info:    Font shape `OML/cmr/m/n' in size <9> not available
(Font)              Font shape `OML/cmm/m/it' tried instead on input line 9.
LaTeX Font Info:    Font shape `OMS/cmr/m/n' in size <9> not available
(Font)              Font shape `OMS/cmsy/m/n' tried instead on input line 12.
)
(Z:\coursework\cs532\a3\final-tex\src/processedData.py))pdfTeX warning (ext4): 
destination with the same identifier (name{page.2}) has been already used, dupl
icate ignored
<to be read again> 
                   \relax 
l.37 \include{question-1}
                          [2] (Z:\coursework\cs532\a3\final-tex\question-2.tex
Chapter 2.

Underfull \hbox (badness 10000) in paragraph at lines 21--22

 []

[3




]
Overfull \hbox (33.24693pt too wide) in paragraph at lines 30--41
[]$\OT1/cmtt/m/n/10 http : / / tcbmag . com / Innovations / January -[] 2016 / 
Why -[] Chipotle -[] Is -[] Closing -[]$
 []


Overfull \hbox (22.24702pt too wide) in paragraph at lines 30--41
$\OT1/cmtt/m/n/10 Its -[] Stores -[] Over -[] The -[] Lunch ? utm _ content = 2
7945314 & utm _ medium = social &$
 []


Overfull \hbox (43.24684pt too wide) in paragraph at lines 30--41
[]$\OT1/cmtt/m/n/10 http : / / www . nydailynews . com / life -[] style / eats 
/ chipotle -[] lettuce -[] shortage -[]$
 []


Overfull \hbox (18.99707pt too wide) in paragraph at lines 30--41
[]$\OT1/cmtt/m/n/10 http : / / fieryfork . com / video -[] chipotle -[] profit 
-[] heats -[] up -[] as -[] it -[] draws -[]$
 []


Overfull \hbox (48.4968pt too wide) in paragraph at lines 30--41
[]$\OT1/cmtt/m/n/10 http : / / www . eater . com / 2016 / 2 / 5 / 10922434 / ch
ipotle -[] e -[] coli -[] beef -[] australia ?$
 []


Overfull \hbox (26.99698pt too wide) in paragraph at lines 30--41
[]$\OT1/cmtt/m/n/10 http : / / www . havingfunsaving . com / 2016 / 01 / chipot
le -[] cheese -[] dip -[] recipe .$
 []


Overfull \hbox (11.74712pt too wide) in paragraph at lines 30--41
[]$\OT1/cmtt/m/n/10 http : / / smartmarkradio . com / conspiracy -[] theory -[]
 news / this -[] chipotle -[]$
 []


Overfull \hbox (19.99707pt too wide) in paragraph at lines 30--41
$\OT1/cmtt/m/n/10 conspiracy -[] theory -[] is -[] the -[] craziest -[] thing -
[] weve -[] read -[] all -[] day -[] grist/$[] 
 []

[4]
Underfull \hbox (badness 10000) in paragraph at lines 56--56
[]\OT1/cmr/m/n/9 http://fieryfork.com/video-chipotle-profit-heats-up-as-it-draw
s-more-
 []


Underfull \hbox (badness 10000) in paragraph at lines 58--58
[]\OT1/cmr/m/n/9 http://www.nydailynews.com/life-style/eats/chipotle-lettuce-
 []


Underfull \hbox (badness 10000) in paragraph at lines 59--59
[]\OT1/cmr/m/n/9 http://tcbmag.com/Innovations/January-2016/Why-Chipotle-Is-
 []


Underfull \hbox (badness 10000) in paragraph at lines 61--61
[]\OT1/cmr/m/n/9 http://www.eater.com/2016/2/5/10922434/chipotle-e-coli-beef-
 []


Underfull \hbox (badness 10000) in paragraph at lines 63--63
[]\OT1/cmr/m/n/9 http://www.yelp.com/biz/chipotle-mexican-grill-gainesville-
 []


Underfull \hbox (badness 10000) in paragraph at lines 64--64
[]\OT1/cmr/m/n/9 http://smartmarkradio.com/conspiracy-theory-news/this-chipotle
-
 []


Underfull \hbox (badness 10000) in paragraph at lines 65--65
[]\OT1/cmr/m/n/9 http://www.havingfunsaving.com/2016/01/chipotle-cheese-dip-
 []


Overfull \hbox (56.27965pt too wide) in paragraph at lines 52--69
 [] 
 []

[5] <figures/america.JPG, id=145, 250.68657pt x 614.295pt>
File: figures/america.JPG Graphic file (type jpg)

<use figures/america.JPG>
Package pdftex.def Info: figures/america.JPG used on input line 76.
(pdftex.def)             Requested size: 137.87802pt x 337.86328pt.
 [6 <Z:/coursework/cs532/a3/final-tex/figures/america.JPG>] <figures/food.JPG, 
id=150, 255.20343pt x 610.53094pt>
File: figures/food.JPG Graphic file (type jpg)

<use figures/food.JPG>
Package pdftex.def Info: figures/food.JPG used on input line 85.
(pdftex.def)             Requested size: 140.36232pt x 335.79306pt.
 [7 <Z:/coursework/cs532/a3/final-tex/figures/food.JPG>]
<figures/JSONstructure.JPG, id=155, 945.5325pt x 700.11563pt>
File: figures/JSONstructure.JPG Graphic file (type jpg)

<use figures/JSONstructure.JPG>
Package pdftex.def Info: figures/JSONstructure.JPG used on input line 95.
(pdftex.def)             Requested size: 520.04448pt x 385.06479pt.

Overfull \hbox (77.69502pt too wide) in paragraph at lines 94--96
 |  [] 
 []

[8 <Z:/coursework/cs532/a3/final-tex/figures/JSONstructure.JPG>]
(Z:\coursework\cs532\a3\final-tex\src/getFilesWithString.py) [9]
(Z:\coursework\cs532\a3\final-tex\src/TFIDF.py)) [10]
(Z:\coursework\cs532\a3\final-tex\question-3.tex
Chapter 3.
[11




] <figures/pageRank/1.JPG, id=243, 926.71219pt x 116.68594pt>
File: figures/pageRank/1.JPG Graphic file (type jpg)

<use figures/pageRank/1.JPG>
Package pdftex.def Info: figures/pageRank/1.JPG used on input line 56.
(pdftex.def)             Requested size: 509.69328pt x 64.17744pt.

Overfull \hbox (67.34383pt too wide) in paragraph at lines 55--57
 |  [] 
 []

<figures/pageRank/2.JPG, id=245, 922.94812pt x 120.45pt>
File: figures/pageRank/2.JPG Graphic file (type jpg)

<use figures/pageRank/2.JPG>
Package pdftex.def Info: figures/pageRank/2.JPG used on input line 65.
(pdftex.def)             Requested size: 507.62303pt x 66.2477pt.

Overfull \hbox (65.27357pt too wide) in paragraph at lines 64--66
 |  [] 
 []


Underfull \hbox (badness 10000) in paragraph at lines 66--66
$\OT1/cmtt/m/n/9 Chipotle -[] Is -[] Closing -[] Its -[] Stores -[] Over -[] Th
e -[] Lunch ? utm _ content = 27945314 &$
 []

<figures/pageRank/3.JPG, id=248, 926.71219pt x 122.70844pt>
File: figures/pageRank/3.JPG Graphic file (type jpg)

<use figures/pageRank/3.JPG>
Package pdftex.def Info: figures/pageRank/3.JPG used on input line 74.
(pdftex.def)             Requested size: 509.69328pt x 67.48984pt.

Overfull \hbox (67.34383pt too wide) in paragraph at lines 73--75
 |  [] 
 []


LaTeX Warning: `!h' float specifier changed to `!ht'.

<figures/pageRank/4.JPG, id=250, 921.4425pt x 255.20343pt>
File: figures/pageRank/4.JPG Graphic file (type jpg)

<use figures/pageRank/4.JPG>
Package pdftex.def Info: figures/pageRank/4.JPG used on input line 83.
(pdftex.def)             Requested size: 506.79495pt x 140.36232pt.

Overfull \hbox (64.4455pt too wide) in paragraph at lines 82--84
 |  [] 
 []


LaTeX Warning: `!h' float specifier changed to `!ht'.

<figures/pageRank/5.JPG, id=253, 926.71219pt x 151.3153pt>
File: figures/pageRank/5.JPG Graphic file (type jpg)

<use figures/pageRank/5.JPG>
Package pdftex.def Info: figures/pageRank/5.JPG used on input line 92.
(pdftex.def)             Requested size: 509.69328pt x 83.22366pt.

Overfull \hbox (67.34383pt too wide) in paragraph at lines 91--93
 |  [] 
 []


Underfull \hbox (badness 6961) in paragraph at lines 93--93
[]\OT1/cmr/bx/n/9 Fig. 3.5. |[]\OT1/cmr/m/n/9 page rank for []$\OT1/cmtt/m/n/9 
http : / / www . nydailynews . com / life -[] style / eats /$
 []


LaTeX Warning: `!h' float specifier changed to `!ht'.

<figures/pageRank/6.JPG, id=256, 927.465pt x 118.94438pt>
File: figures/pageRank/6.JPG Graphic file (type jpg)

<use figures/pageRank/6.JPG>
Package pdftex.def Info: figures/pageRank/6.JPG used on input line 101.
(pdftex.def)             Requested size: 510.10733pt x 65.4196pt.

Overfull \hbox (67.75787pt too wide) in paragraph at lines 100--102
 |  [] 
 []


LaTeX Warning: `!h' float specifier changed to `!ht'.

<figures/pageRank/7.JPG, id=259, 926.71219pt x 127.22531pt>
File: figures/pageRank/7.JPG Graphic file (type jpg)

<use figures/pageRank/7.JPG>
Package pdftex.def Info: figures/pageRank/7.JPG used on input line 110.
(pdftex.def)             Requested size: 509.69328pt x 69.97412pt.

Overfull \hbox (67.34383pt too wide) in paragraph at lines 109--111
 |  [] 
 []


Underfull \hbox (badness 10000) in paragraph at lines 111--111
$\OT1/cmtt/m/n/9 e -[] coli -[] beef -[] australia ? utm _ campaign = national 
& utm _ medium = social & utm _$
 []


LaTeX Warning: `!h' float specifier changed to `!ht'.

<figures/pageRank/8.JPG, id=262, 922.19531pt x 123.46124pt>
File: figures/pageRank/8.JPG Graphic file (type jpg)

<use figures/pageRank/8.JPG>
Package pdftex.def Info: figures/pageRank/8.JPG used on input line 119.
(pdftex.def)             Requested size: 507.209pt x 67.90387pt.

Overfull \hbox (64.85954pt too wide) in paragraph at lines 118--120
 |  [] 
 []


LaTeX Warning: `!h' float specifier changed to `!ht'.

<figures/pageRank/9.JPG, id=265, 924.45375pt x 121.20282pt>
File: figures/pageRank/9.JPG Graphic file (type jpg)

<use figures/pageRank/9.JPG>
Package pdftex.def Info: figures/pageRank/9.JPG used on input line 128.
(pdftex.def)             Requested size: 508.45114pt x 66.66174pt.

Overfull \hbox (66.10168pt too wide) in paragraph at lines 127--129
 |  [] 
 []


LaTeX Warning: `!h' float specifier changed to `!ht'.

<figures/pageRank/10.JPG, id=267, 927.465pt x 118.94438pt>
File: figures/pageRank/10.JPG Graphic file (type jpg)

<use figures/pageRank/10.JPG>
Package pdftex.def Info: figures/pageRank/10.JPG used on input line 137.
(pdftex.def)             Requested size: 510.10733pt x 65.4196pt.

Overfull \hbox (67.75787pt too wide) in paragraph at lines 136--138
 |  [] 
 []


Underfull \hbox (badness 2245) in paragraph at lines 138--138
[]\OT1/cmr/bx/n/9 Fig. 3.10. |[]\OT1/cmr/m/n/9 page rank for []$\OT1/cmtt/m/n/9
 http : / / smartmarkradio . com / conspiracy -[] theory -[]$
 []


Underfull \hbox (badness 10000) in paragraph at lines 138--138
$\OT1/cmtt/m/n/9 news / this -[] chipotle -[] conspiracy -[] theory -[] is -[] 
the -[] craziest -[] thing -[] weve -[] read -[]$
 []


LaTeX Warning: `!h' float specifier changed to `!ht'.

) [12 <Z:/coursework/cs532/a3/final-tex/figures/pageRank/1.JPG> <Z:/coursework/
cs532/a3/final-tex/figures/pageRank/2.JPG>] [13 <Z:/coursework/cs532/a3/final-t
ex/figures/pageRank/3.JPG> <Z:/coursework/cs532/a3/final-tex/figures/pageRank/4
.JPG> <Z:/coursework/cs532/a3/final-tex/figures/pageRank/5.JPG> <Z:/coursework/
cs532/a3/final-tex/figures/pageRank/6.JPG>] [14 <Z:/coursework/cs532/a3/final-t
ex/figures/pageRank/7.JPG> <Z:/coursework/cs532/a3/final-tex/figures/pageRank/8
.JPG> <Z:/coursework/cs532/a3/final-tex/figures/pageRank/9.JPG> <Z:/coursework/
cs532/a3/final-tex/figures/pageRank/10.JPG>]
(Z:\coursework\cs532\a3\final-tex\extra-credit-question.tex
Chapter 4.

Overfull \hbox (17.24693pt too wide) in paragraph at lines 5--9
[]$\OT1/cmtt/m/n/10 http : / / stackoverflow . com / questions / 2557863 / meas
ures -[] of -[] association -[]$
 []


Overfull \hbox (31.4968pt too wide) in paragraph at lines 5--9
[]$\OT1/cmtt/m/n/10 http : / / en . wikipedia . org / wiki / Kendall _ tau _ ra
nk _ correlation _ coefficient #$
 []


Underfull \hbox (badness 10000) in paragraph at lines 5--9

 []


Underfull \hbox (badness 10000) in paragraph at lines 5--9

 []

<figures/tau.PNG, id=297, 458.31226pt x 219.82124pt>
File: figures/tau.PNG Graphic file (type png)
 <use figures/tau.PNG>
Package pdftex.def Info: figures/tau.PNG used on input line 16.
(pdftex.def)             Requested size: 252.07251pt x 120.90204pt.
)
[15




 <Z:/coursework/cs532/a3/final-tex/figures/tau.PNG>] [16



]
(Z:\coursework\cs532\a3\final-tex\main.bbl
Underfull \hbox (badness 10000) in paragraph at lines 4--7
[]\OT1/cmr/m/n/9 On what ba-sis PR es-ti-ma-tor ranks a URI:
 []


Underfull \hbox (badness 10000) in paragraph at lines 4--7
\OT1/cmr/m/n/9 http://www.seomastering.com/pagerank-prediction.php, Pro-fes-sio
nal SEO
 []


Overfull \hbox (15.8412pt too wide) in paragraph at lines 14--17
[]\OT1/cmr/m/n/9 How to cal-cu-late Tau val-ues:  http://stackoverflow.com/ques
tions/2557863/measures-
 []

)
Package atveryend Info: Empty hook `BeforeClearDocument' on input line 49.
 [17


]
Package atveryend Info: Empty hook `AfterLastShipout' on input line 49.
 (Z:\coursework\cs532\a3\final-tex\main.aux
(Z:\coursework\cs532\a3\final-tex\question-1.aux)
(Z:\coursework\cs532\a3\final-tex\question-2.aux)
(Z:\coursework\cs532\a3\final-tex\question-3.aux)
(Z:\coursework\cs532\a3\final-tex\extra-credit-question.aux))
Package atveryend Info: Executing hook `AtVeryEndDocument' on input line 49.
Package atveryend Info: Executing hook `AtEndAfterFileList' on input line 49.
Package rerunfilecheck Info: File `main.out' has not changed.
(rerunfilecheck)             Checksum: 534A5DF4EC8B148B8DBD4E0E417372DA;242.


LaTeX Warning: There were multiply-defined labels.

Package atveryend Info: Empty hook `AtVeryVeryEnd' on input line 49.
 ) 
Here is how much of TeX's memory you used:
 8724 strings out of 493921
 129633 string characters out of 3144850
 338372 words of memory out of 3000000
 11722 multiletter control sequences out of 15000+200000
 11238 words of font info for 44 fonts, out of 3000000 for 9000
 841 hyphenation exceptions out of 8191
 33i,11n,45p,580b,1401s stack positions out of 5000i,500n,10000p,200000b,50000s
<C:/Program Files (x86)/MiKTeX 2.9/fonts/type1/public/amsfonts/cm/cmbx10.pfb>
<C:/Program Files (x86)/MiKTeX 2.9/fonts/type1/public/amsfonts/cm/cmbx12.pfb><C
:/Program Files (x86)/MiKTeX 2.9/fonts/type1/public/amsfonts/cm/cmbx9.pfb><C:/P
rogram Files (x86)/MiKTeX 2.9/fonts/type1/public/amsfonts/cm/cmmi10.pfb><C:/Pro
gram Files (x86)/MiKTeX 2.9/fonts/type1/public/amsfonts/cm/cmmi9.pfb><C:/Progra
m Files (x86)/MiKTeX 2.9/fonts/type1/public/amsfonts/cm/cmr10.pfb><C:/Program F
iles (x86)/MiKTeX 2.9/fonts/type1/public/amsfonts/cm/cmr12.pfb><C:/Program File
s (x86)/MiKTeX 2.9/fonts/type1/public/amsfonts/cm/cmr17.pfb><C:/Program Files (
x86)/MiKTeX 2.9/fonts/type1/public/amsfonts/cm/cmr9.pfb><C:/Program Files (x86)
/MiKTeX 2.9/fonts/type1/public/amsfonts/cm/cmsy10.pfb><C:/Program Files (x86)/M
iKTeX 2.9/fonts/type1/public/amsfonts/cm/cmsy9.pfb><C:/Program Files (x86)/MiKT
eX 2.9/fonts/type1/public/amsfonts/cm/cmti9.pfb><C:/Program Files (x86)/MiKTeX 
2.9/fonts/type1/public/amsfonts/cm/cmtt10.pfb><C:/Program Files (x86)/MiKTeX 2.
9/fonts/type1/public/amsfonts/cm/cmtt9.pfb>
Output written on main.pdf (21 pages, 1180367 bytes).
PDF statistics:
 391 PDF objects out of 1000 (max. 8388607)
 123 named destinations out of 1000 (max. 500000)
 111 words of extra memory for PDF output out of 10000 (max. 10000000)

